Assembler report for BA1533_TX
Tue Jul 03 01:18:46 2018
Quartus Prime Version 15.1.0 Build 185 10/21/2015 SJ Lite Edition


---------------------
; Table of Contents ;
---------------------
  1. Legal Notice
  2. Assembler Summary
  3. Assembler Settings
  4. Assembler Encrypted IP Cores Summary
  5. Assembler Generated Files
  6. Assembler Device Options: C:/BA/Software_projects/FPGA/1533_FPGA/temp/test_on_devkit/BA_1533_TX/output_files/BA1533_TX.sof
  7. Assembler Messages



----------------
; Legal Notice ;
----------------
Copyright (C) 1991-2015 Altera Corporation. All rights reserved.
Your use of Altera Corporation's design tools, logic functions 
and other software and tools, and its AMPP partner logic 
functions, and any output files from any of the foregoing 
(including device programming or simulation files), and any 
associated documentation or information are expressly subject 
to the terms and conditions of the Altera Program License 
Subscription Agreement, the Altera Quartus Prime License Agreement,
the Altera MegaCore Function License Agreement, or other 
applicable license agreement, including, without limitation, 
that your use is for the sole purpose of programming logic 
devices manufactured by Altera and sold by Altera or its 
authorized distributors.  Please refer to the applicable 
agreement for further details.



+---------------------------------------------------------------+
; Assembler Summary                                             ;
+-----------------------+---------------------------------------+
; Assembler Status      ; Successful - Tue Jul 03 01:18:46 2018 ;
; Revision Name         ; BA1533_TX                             ;
; Top-level Entity Name ; BA1533_TX                             ;
; Family                ; MAX 10                                ;
; Device                ; 10M50DAF484C6GES                      ;
+-----------------------+---------------------------------------+


+----------------------------------+
; Assembler Settings               ;
+--------+---------+---------------+
; Option ; Setting ; Default Value ;
+--------+---------+---------------+


+------------------------------------------------+
; Assembler Encrypted IP Cores Summary           ;
+--------+------------------------+--------------+
; Vendor ; IP Core Name           ; License Type ;
+--------+------------------------+--------------+
; Altera ; Signal Tap (6AF7 BCE1) ; Licensed     ;
; Altera ; Signal Tap (6AF7 BCEC) ; Licensed     ;
+--------+------------------------+--------------+


+--------------------------------------------------------------------------------------------------+
; Assembler Generated Files                                                                        ;
+--------------------------------------------------------------------------------------------------+
; File Name                                                                                        ;
+--------------------------------------------------------------------------------------------------+
; C:/BA/Software_projects/FPGA/1533_FPGA/temp/test_on_devkit/BA_1533_TX/output_files/BA1533_TX.sof ;
+--------------------------------------------------------------------------------------------------+


+----------------------------------------------------------------------------------------------------------------------------+
; Assembler Device Options: C:/BA/Software_projects/FPGA/1533_FPGA/temp/test_on_devkit/BA_1533_TX/output_files/BA1533_TX.sof ;
+----------------+-----------------------------------------------------------------------------------------------------------+
; Option         ; Setting                                                                                                   ;
+----------------+-----------------------------------------------------------------------------------------------------------+
; Device         ; 10M50DAF484C6GES                                                                                          ;
; JTAG usercode  ; 0x003042D7                                                                                                ;
; Checksum       ; 0x003042D7                                                                                                ;
+----------------+-----------------------------------------------------------------------------------------------------------+


+--------------------+
; Assembler Messages ;
+--------------------+
Info: *******************************************************************
Info: Running Quartus Prime Assembler
    Info: Version 15.1.0 Build 185 10/21/2015 SJ Lite Edition
    Info: Processing started: Tue Jul 03 01:18:40 2018
Info: Command: quartus_asm --read_settings_files=off --write_settings_files=off BA1533_TX -c BA1533_TX
Info (115031): Writing out detailed assembly data for power analysis
Info (115030): Assembler is generating device programming files
Info: Quartus Prime Assembler was successful. 0 errors, 0 warnings
    Info: Peak virtual memory: 4890 megabytes
    Info: Processing ended: Tue Jul 03 01:18:47 2018
    Info: Elapsed time: 00:00:07
    Info: Total CPU time (on all processors): 00:00:06


