TimeQuest Timing Analyzer report for BA1533_RX
Wed Jul 04 18:25:23 2018
Quartus Prime Version 15.1.0 Build 185 10/21/2015 SJ Lite Edition


---------------------
; Table of Contents ;
---------------------
  1. Legal Notice
  2. TimeQuest Timing Analyzer Summary
  3. Parallel Compilation
  4. SDC File List
  5. Clocks
  6. Slow 1200mV 100C Model Fmax Summary
  7. Slow 1200mV 100C Model Setup Summary
  8. Slow 1200mV 100C Model Hold Summary
  9. Slow 1200mV 100C Model Recovery Summary
 10. Slow 1200mV 100C Model Removal Summary
 11. Slow 1200mV 100C Model Minimum Pulse Width Summary
 12. Slow 1200mV 100C Model Metastability Summary
 13. Slow 1200mV -40C Model Fmax Summary
 14. Slow 1200mV -40C Model Setup Summary
 15. Slow 1200mV -40C Model Hold Summary
 16. Slow 1200mV -40C Model Recovery Summary
 17. Slow 1200mV -40C Model Removal Summary
 18. Slow 1200mV -40C Model Minimum Pulse Width Summary
 19. Slow 1200mV -40C Model Metastability Summary
 20. Fast 1200mV -40C Model Setup Summary
 21. Fast 1200mV -40C Model Hold Summary
 22. Fast 1200mV -40C Model Recovery Summary
 23. Fast 1200mV -40C Model Removal Summary
 24. Fast 1200mV -40C Model Minimum Pulse Width Summary
 25. Fast 1200mV -40C Model Metastability Summary
 26. Multicorner Timing Analysis Summary
 27. Board Trace Model Assignments
 28. Input Transition Times
 29. Signal Integrity Metrics (Slow 1200mv n40c Model)
 30. Signal Integrity Metrics (Slow 1200mv 100c Model)
 31. Signal Integrity Metrics (Fast 1200mv n40c Model)
 32. Setup Transfers
 33. Hold Transfers
 34. Recovery Transfers
 35. Removal Transfers
 36. Report TCCS
 37. Report RSKM
 38. Unconstrained Paths Summary
 39. Clock Status Summary
 40. Unconstrained Input Ports
 41. Unconstrained Output Ports
 42. Unconstrained Input Ports
 43. Unconstrained Output Ports
 44. TimeQuest Timing Analyzer Messages



----------------
; Legal Notice ;
----------------
Copyright (C) 1991-2015 Altera Corporation. All rights reserved.
Your use of Altera Corporation's design tools, logic functions 
and other software and tools, and its AMPP partner logic 
functions, and any output files from any of the foregoing 
(including device programming or simulation files), and any 
associated documentation or information are expressly subject 
to the terms and conditions of the Altera Program License 
Subscription Agreement, the Altera Quartus Prime License Agreement,
the Altera MegaCore Function License Agreement, or other 
applicable license agreement, including, without limitation, 
that your use is for the sole purpose of programming logic 
devices manufactured by Altera and sold by Altera or its 
authorized distributors.  Please refer to the applicable 
agreement for further details.



+-----------------------------------------------------------------------------+
; TimeQuest Timing Analyzer Summary                                           ;
+-----------------------+-----------------------------------------------------+
; Quartus Prime Version ; Version 15.1.0 Build 185 10/21/2015 SJ Lite Edition ;
; Timing Analyzer       ; TimeQuest                                           ;
; Revision Name         ; BA1533_RX                                           ;
; Device Family         ; MAX 10                                              ;
; Device Name           ; 10M08SAU169I7G                                      ;
; Timing Models         ; Final                                               ;
; Delay Model           ; Combined                                            ;
; Rise/Fall Delays      ; Enabled                                             ;
+-----------------------+-----------------------------------------------------+


+------------------------------------------+
; Parallel Compilation                     ;
+----------------------------+-------------+
; Processors                 ; Number      ;
+----------------------------+-------------+
; Number detected on machine ; 4           ;
; Maximum allowed            ; 2           ;
;                            ;             ;
; Average used               ; 1.40        ;
; Maximum used               ; 2           ;
;                            ;             ;
; Usage by Processor         ; % Time Used ;
;     Processor 1            ; 100.0%      ;
;     Processor 2            ;  40.0%      ;
+----------------------------+-------------+


+-------------------------------------------------------+
; SDC File List                                         ;
+-------------------+--------+--------------------------+
; SDC File Path     ; Status ; Read at                  ;
+-------------------+--------+--------------------------+
; BA1533_RX.out.sdc ; OK     ; Wed Jul 04 18:25:14 2018 ;
+-------------------+--------+--------------------------+


+----------------------------------------------------------------------------------------------------------------------------------------------------------------------------------------------------------------------------------------------------------------------------------------------------------------------------------+
; Clocks                                                                                                                                                                                                                                                                                                                           ;
+------------------------------------------------------+-----------+---------+-----------+-------+--------+------------+-----------+-------------+-------+--------+-----------+------------+----------+--------+--------------------------------------------------------+----------------------------------------------------------+
; Clock Name                                           ; Type      ; Period  ; Frequency ; Rise  ; Fall   ; Duty Cycle ; Divide by ; Multiply by ; Phase ; Offset ; Edge List ; Edge Shift ; Inverted ; Master ; Source                                                 ; Targets                                                  ;
+------------------------------------------------------+-----------+---------+-----------+-------+--------+------------+-----------+-------------+-------+--------+-----------+------------+----------+--------+--------------------------------------------------------+----------------------------------------------------------+
; altera_reserved_tck                                  ; Base      ; 100.000 ; 10.0 MHz  ; 0.000 ; 50.000 ;            ;           ;             ;       ;        ;           ;            ;          ;        ;                                                        ; { altera_reserved_tck }                                  ;
; clk                                                  ; Base      ; 10.000  ; 100.0 MHz ; 0.000 ; 5.000  ;            ;           ;             ;       ;        ;           ;            ;          ;        ;                                                        ; { clk }                                                  ;
; rx_pll_c|altpll_component|auto_generated|pll1|clk[0] ; Generated ; 40.000  ; 25.0 MHz  ; 0.000 ; 20.000 ; 50.00      ; 4         ; 1           ;       ;        ;           ;            ; false    ; clk    ; rx_pll_c|altpll_component|auto_generated|pll1|inclk[0] ; { rx_pll_c|altpll_component|auto_generated|pll1|clk[0] } ;
; rx_pll_c|altpll_component|auto_generated|pll1|clk[1] ; Generated ; 125.555 ; 7.96 MHz  ; 0.000 ; 62.777 ; 50.00      ; 113       ; 9           ;       ;        ;           ;            ; false    ; clk    ; rx_pll_c|altpll_component|auto_generated|pll1|inclk[0] ; { rx_pll_c|altpll_component|auto_generated|pll1|clk[1] } ;
; rx_pll_c|altpll_component|auto_generated|pll1|clk[2] ; Generated ; 11.111  ; 90.0 MHz  ; 0.000 ; 5.555  ; 50.00      ; 10        ; 9           ;       ;        ;           ;            ; false    ; clk    ; rx_pll_c|altpll_component|auto_generated|pll1|inclk[0] ; { rx_pll_c|altpll_component|auto_generated|pll1|clk[2] } ;
+------------------------------------------------------+-----------+---------+-----------+-------+--------+------------+-----------+-------------+-------+--------+-----------+------------+----------+--------+--------------------------------------------------------+----------------------------------------------------------+


+--------------------------------------------------------------------------------------------------------------------------------------+
; Slow 1200mV 100C Model Fmax Summary                                                                                                  ;
+------------+-----------------+------------------------------------------------------+------------------------------------------------+
; Fmax       ; Restricted Fmax ; Clock Name                                           ; Note                                           ;
+------------+-----------------+------------------------------------------------------+------------------------------------------------+
; 19.01 MHz  ; 19.01 MHz       ; rx_pll_c|altpll_component|auto_generated|pll1|clk[1] ;                                                ;
; 64.57 MHz  ; 64.57 MHz       ; altera_reserved_tck                                  ;                                                ;
; 93.84 MHz  ; 93.84 MHz       ; rx_pll_c|altpll_component|auto_generated|pll1|clk[0] ;                                                ;
; 140.9 MHz  ; 140.9 MHz       ; clk                                                  ;                                                ;
; 506.84 MHz ; 416.15 MHz      ; rx_pll_c|altpll_component|auto_generated|pll1|clk[2] ; limit due to minimum period restriction (tmin) ;
+------------+-----------------+------------------------------------------------------+------------------------------------------------+
This panel reports FMAX for every clock in the design, regardless of the user-specified clock periods.  FMAX is only computed for paths where the source and destination registers or ports are driven by the same clock.  Paths of different clocks, including generated clocks, are ignored.  For paths between a clock and its inversion, FMAX is computed as if the rising and falling edges are scaled along with FMAX, such that the duty cycle (in terms of a percentage) is maintained. Altera recommends that you always use clock constraints and other slack reports for sign-off analysis.


+-------------------------------------------------------------------------------+
; Slow 1200mV 100C Model Setup Summary                                          ;
+------------------------------------------------------+--------+---------------+
; Clock                                                ; Slack  ; End Point TNS ;
+------------------------------------------------------+--------+---------------+
; clk                                                  ; -1.916 ; -342.918      ;
; rx_pll_c|altpll_component|auto_generated|pll1|clk[2] ; -0.661 ; -0.661        ;
; rx_pll_c|altpll_component|auto_generated|pll1|clk[1] ; -0.461 ; -0.527        ;
; rx_pll_c|altpll_component|auto_generated|pll1|clk[0] ; -0.081 ; -0.219        ;
; altera_reserved_tck                                  ; 42.256 ; 0.000         ;
+------------------------------------------------------+--------+---------------+


+------------------------------------------------------------------------------+
; Slow 1200mV 100C Model Hold Summary                                          ;
+------------------------------------------------------+-------+---------------+
; Clock                                                ; Slack ; End Point TNS ;
+------------------------------------------------------+-------+---------------+
; clk                                                  ; 0.239 ; 0.000         ;
; rx_pll_c|altpll_component|auto_generated|pll1|clk[0] ; 0.275 ; 0.000         ;
; altera_reserved_tck                                  ; 0.346 ; 0.000         ;
; rx_pll_c|altpll_component|auto_generated|pll1|clk[1] ; 0.346 ; 0.000         ;
; rx_pll_c|altpll_component|auto_generated|pll1|clk[2] ; 0.409 ; 0.000         ;
+------------------------------------------------------+-------+---------------+


+----------------------------------------------+
; Slow 1200mV 100C Model Recovery Summary      ;
+---------------------+--------+---------------+
; Clock               ; Slack  ; End Point TNS ;
+---------------------+--------+---------------+
; altera_reserved_tck ; 47.977 ; 0.000         ;
+---------------------+--------+---------------+


+---------------------------------------------+
; Slow 1200mV 100C Model Removal Summary      ;
+---------------------+-------+---------------+
; Clock               ; Slack ; End Point TNS ;
+---------------------+-------+---------------+
; altera_reserved_tck ; 1.147 ; 0.000         ;
+---------------------+-------+---------------+


+-------------------------------------------------------------------------------+
; Slow 1200mV 100C Model Minimum Pulse Width Summary                            ;
+------------------------------------------------------+--------+---------------+
; Clock                                                ; Slack  ; End Point TNS ;
+------------------------------------------------------+--------+---------------+
; clk                                                  ; 4.562  ; 0.000         ;
; rx_pll_c|altpll_component|auto_generated|pll1|clk[2] ; 5.288  ; 0.000         ;
; rx_pll_c|altpll_component|auto_generated|pll1|clk[0] ; 19.670 ; 0.000         ;
; altera_reserved_tck                                  ; 49.517 ; 0.000         ;
; rx_pll_c|altpll_component|auto_generated|pll1|clk[1] ; 62.508 ; 0.000         ;
+------------------------------------------------------+--------+---------------+


------------------------------------------------
; Slow 1200mV 100C Model Metastability Summary ;
------------------------------------------------
Design MTBF is not calculated because the design doesn't meet its timing requirements.



+--------------------------------------------------------------------------------------------------------------------------------------+
; Slow 1200mV -40C Model Fmax Summary                                                                                                  ;
+------------+-----------------+------------------------------------------------------+------------------------------------------------+
; Fmax       ; Restricted Fmax ; Clock Name                                           ; Note                                           ;
+------------+-----------------+------------------------------------------------------+------------------------------------------------+
; 22.01 MHz  ; 22.01 MHz       ; rx_pll_c|altpll_component|auto_generated|pll1|clk[1] ;                                                ;
; 73.1 MHz   ; 73.1 MHz        ; altera_reserved_tck                                  ;                                                ;
; 107.23 MHz ; 107.23 MHz      ; rx_pll_c|altpll_component|auto_generated|pll1|clk[0] ;                                                ;
; 154.23 MHz ; 154.23 MHz      ; clk                                                  ;                                                ;
; 552.49 MHz ; 416.15 MHz      ; rx_pll_c|altpll_component|auto_generated|pll1|clk[2] ; limit due to minimum period restriction (tmin) ;
+------------+-----------------+------------------------------------------------------+------------------------------------------------+
This panel reports FMAX for every clock in the design, regardless of the user-specified clock periods.  FMAX is only computed for paths where the source and destination registers or ports are driven by the same clock.  Paths of different clocks, including generated clocks, are ignored.  For paths between a clock and its inversion, FMAX is computed as if the rising and falling edges are scaled along with FMAX, such that the duty cycle (in terms of a percentage) is maintained. Altera recommends that you always use clock constraints and other slack reports for sign-off analysis.


+-------------------------------------------------------------------------------+
; Slow 1200mV -40C Model Setup Summary                                          ;
+------------------------------------------------------+--------+---------------+
; Clock                                                ; Slack  ; End Point TNS ;
+------------------------------------------------------+--------+---------------+
; clk                                                  ; -1.681 ; -298.278      ;
; rx_pll_c|altpll_component|auto_generated|pll1|clk[2] ; -0.761 ; -0.761        ;
; rx_pll_c|altpll_component|auto_generated|pll1|clk[1] ; -0.303 ; -0.303        ;
; rx_pll_c|altpll_component|auto_generated|pll1|clk[0] ; 0.039  ; 0.000         ;
; altera_reserved_tck                                  ; 43.160 ; 0.000         ;
+------------------------------------------------------+--------+---------------+


+------------------------------------------------------------------------------+
; Slow 1200mV -40C Model Hold Summary                                          ;
+------------------------------------------------------+-------+---------------+
; Clock                                                ; Slack ; End Point TNS ;
+------------------------------------------------------+-------+---------------+
; clk                                                  ; 0.226 ; 0.000         ;
; rx_pll_c|altpll_component|auto_generated|pll1|clk[0] ; 0.245 ; 0.000         ;
; altera_reserved_tck                                  ; 0.296 ; 0.000         ;
; rx_pll_c|altpll_component|auto_generated|pll1|clk[1] ; 0.297 ; 0.000         ;
; rx_pll_c|altpll_component|auto_generated|pll1|clk[2] ; 0.369 ; 0.000         ;
+------------------------------------------------------+-------+---------------+


+----------------------------------------------+
; Slow 1200mV -40C Model Recovery Summary      ;
+---------------------+--------+---------------+
; Clock               ; Slack  ; End Point TNS ;
+---------------------+--------+---------------+
; altera_reserved_tck ; 48.204 ; 0.000         ;
+---------------------+--------+---------------+


+---------------------------------------------+
; Slow 1200mV -40C Model Removal Summary      ;
+---------------------+-------+---------------+
; Clock               ; Slack ; End Point TNS ;
+---------------------+-------+---------------+
; altera_reserved_tck ; 1.004 ; 0.000         ;
+---------------------+-------+---------------+


+-------------------------------------------------------------------------------+
; Slow 1200mV -40C Model Minimum Pulse Width Summary                            ;
+------------------------------------------------------+--------+---------------+
; Clock                                                ; Slack  ; End Point TNS ;
+------------------------------------------------------+--------+---------------+
; clk                                                  ; 4.600  ; 0.000         ;
; rx_pll_c|altpll_component|auto_generated|pll1|clk[2] ; 5.291  ; 0.000         ;
; rx_pll_c|altpll_component|auto_generated|pll1|clk[0] ; 19.668 ; 0.000         ;
; altera_reserved_tck                                  ; 49.540 ; 0.000         ;
; rx_pll_c|altpll_component|auto_generated|pll1|clk[1] ; 62.512 ; 0.000         ;
+------------------------------------------------------+--------+---------------+


------------------------------------------------
; Slow 1200mV -40C Model Metastability Summary ;
------------------------------------------------
Design MTBF is not calculated because the design doesn't meet its timing requirements.



+-------------------------------------------------------------------------------+
; Fast 1200mV -40C Model Setup Summary                                          ;
+------------------------------------------------------+--------+---------------+
; Clock                                                ; Slack  ; End Point TNS ;
+------------------------------------------------------+--------+---------------+
; clk                                                  ; -0.409 ; -18.436       ;
; rx_pll_c|altpll_component|auto_generated|pll1|clk[2] ; 0.205  ; 0.000         ;
; rx_pll_c|altpll_component|auto_generated|pll1|clk[1] ; 0.383  ; 0.000         ;
; rx_pll_c|altpll_component|auto_generated|pll1|clk[0] ; 0.568  ; 0.000         ;
; altera_reserved_tck                                  ; 47.102 ; 0.000         ;
+------------------------------------------------------+--------+---------------+


+-------------------------------------------------------------------------------+
; Fast 1200mV -40C Model Hold Summary                                           ;
+------------------------------------------------------+--------+---------------+
; Clock                                                ; Slack  ; End Point TNS ;
+------------------------------------------------------+--------+---------------+
; clk                                                  ; -0.091 ; -0.102        ;
; rx_pll_c|altpll_component|auto_generated|pll1|clk[2] ; 0.012  ; 0.000         ;
; rx_pll_c|altpll_component|auto_generated|pll1|clk[0] ; 0.046  ; 0.000         ;
; rx_pll_c|altpll_component|auto_generated|pll1|clk[1] ; 0.107  ; 0.000         ;
; altera_reserved_tck                                  ; 0.144  ; 0.000         ;
+------------------------------------------------------+--------+---------------+


+----------------------------------------------+
; Fast 1200mV -40C Model Recovery Summary      ;
+---------------------+--------+---------------+
; Clock               ; Slack  ; End Point TNS ;
+---------------------+--------+---------------+
; altera_reserved_tck ; 49.348 ; 0.000         ;
+---------------------+--------+---------------+


+---------------------------------------------+
; Fast 1200mV -40C Model Removal Summary      ;
+---------------------+-------+---------------+
; Clock               ; Slack ; End Point TNS ;
+---------------------+-------+---------------+
; altera_reserved_tck ; 0.467 ; 0.000         ;
+---------------------+-------+---------------+


+-------------------------------------------------------------------------------+
; Fast 1200mV -40C Model Minimum Pulse Width Summary                            ;
+------------------------------------------------------+--------+---------------+
; Clock                                                ; Slack  ; End Point TNS ;
+------------------------------------------------------+--------+---------------+
; clk                                                  ; 4.412  ; 0.000         ;
; rx_pll_c|altpll_component|auto_generated|pll1|clk[2] ; 5.338  ; 0.000         ;
; rx_pll_c|altpll_component|auto_generated|pll1|clk[0] ; 19.725 ; 0.000         ;
; altera_reserved_tck                                  ; 49.396 ; 0.000         ;
; rx_pll_c|altpll_component|auto_generated|pll1|clk[1] ; 62.558 ; 0.000         ;
+------------------------------------------------------+--------+---------------+


------------------------------------------------
; Fast 1200mV -40C Model Metastability Summary ;
------------------------------------------------
Design MTBF is not calculated because the design doesn't meet its timing requirements.



+----------------------------------------------------------------------------------------------------------------------+
; Multicorner Timing Analysis Summary                                                                                  ;
+-------------------------------------------------------+----------+--------+----------+---------+---------------------+
; Clock                                                 ; Setup    ; Hold   ; Recovery ; Removal ; Minimum Pulse Width ;
+-------------------------------------------------------+----------+--------+----------+---------+---------------------+
; Worst-case Slack                                      ; -1.916   ; -0.091 ; 47.977   ; 0.467   ; 4.412               ;
;  altera_reserved_tck                                  ; 42.256   ; 0.144  ; 47.977   ; 0.467   ; 49.396              ;
;  clk                                                  ; -1.916   ; -0.091 ; N/A      ; N/A     ; 4.412               ;
;  rx_pll_c|altpll_component|auto_generated|pll1|clk[0] ; -0.081   ; 0.046  ; N/A      ; N/A     ; 19.668              ;
;  rx_pll_c|altpll_component|auto_generated|pll1|clk[1] ; -0.461   ; 0.107  ; N/A      ; N/A     ; 62.508              ;
;  rx_pll_c|altpll_component|auto_generated|pll1|clk[2] ; -0.761   ; 0.012  ; N/A      ; N/A     ; 5.288               ;
; Design-wide TNS                                       ; -344.325 ; -0.102 ; 0.0      ; 0.0     ; 0.0                 ;
;  altera_reserved_tck                                  ; 0.000    ; 0.000  ; 0.000    ; 0.000   ; 0.000               ;
;  clk                                                  ; -342.918 ; -0.102 ; N/A      ; N/A     ; 0.000               ;
;  rx_pll_c|altpll_component|auto_generated|pll1|clk[0] ; -0.219   ; 0.000  ; N/A      ; N/A     ; 0.000               ;
;  rx_pll_c|altpll_component|auto_generated|pll1|clk[1] ; -0.527   ; 0.000  ; N/A      ; N/A     ; 0.000               ;
;  rx_pll_c|altpll_component|auto_generated|pll1|clk[2] ; -0.761   ; 0.000  ; N/A      ; N/A     ; 0.000               ;
+-------------------------------------------------------+----------+--------+----------+---------+---------------------+


+------------------------------------------------------------------------------------------------------------------------------------------------------------------------------------------------------------------------------------------------------------------------------------------------------------------------------------------------------------------------------------------------------------------------+
; Board Trace Model Assignments                                                                                                                                                                                                                                                                                                                                                                                          ;
+---------------------+--------------+-------------------+-------------------------+-------------------------+---------------+---------------------+----------------+------------------+--------+------------------+------------------------+------------------------+--------------+---------------+-----------------+-------+---------------------+--------------------+---------------+-----------------+-------------+
; Pin                 ; I/O Standard ; Near Tline Length ; Near Tline L per Length ; Near Tline C per Length ; Near Series R ; Near Differential R ; Near Pull-up R ; Near Pull-down R ; Near C ; Far Tline Length ; Far Tline L per Length ; Far Tline C per Length ; Far Series R ; Far Pull-up R ; Far Pull-down R ; Far C ; Termination Voltage ; Far Differential R ; EBD File Name ; EBD Signal Name ; EBD Far-end ;
+---------------------+--------------+-------------------+-------------------------+-------------------------+---------------+---------------------+----------------+------------------+--------+------------------+------------------------+------------------------+--------------+---------------+-----------------+-------+---------------------+--------------------+---------------+-----------------+-------------+
; UART_TXD            ; 2.5 V        ; 0 in              ; 0 H/in                  ; 0 F/in                  ; short         ; -                   ; open           ; open             ; open   ; 0 in             ; 0 H/in                 ; 0 F/in                 ; short        ; open          ; open            ; open  ; 0 V                 ; -                  ; n/a           ; n/a             ; n/a         ;
; led1                ; 2.5 V        ; 0 in              ; 0 H/in                  ; 0 F/in                  ; short         ; -                   ; open           ; open             ; open   ; 0 in             ; 0 H/in                 ; 0 F/in                 ; short        ; open          ; open            ; open  ; 0 V                 ; -                  ; n/a           ; n/a             ; n/a         ;
; led2                ; 2.5 V        ; 0 in              ; 0 H/in                  ; 0 F/in                  ; short         ; -                   ; open           ; open             ; open   ; 0 in             ; 0 H/in                 ; 0 F/in                 ; short        ; open          ; open            ; open  ; 0 V                 ; -                  ; n/a           ; n/a             ; n/a         ;
; led3                ; 2.5 V        ; 0 in              ; 0 H/in                  ; 0 F/in                  ; short         ; -                   ; open           ; open             ; open   ; 0 in             ; 0 H/in                 ; 0 F/in                 ; short        ; open          ; open            ; open  ; 0 V                 ; -                  ; n/a           ; n/a             ; n/a         ;
; led4                ; 2.5 V        ; 0 in              ; 0 H/in                  ; 0 F/in                  ; short         ; -                   ; open           ; open             ; open   ; 0 in             ; 0 H/in                 ; 0 F/in                 ; short        ; open          ; open            ; open  ; 0 V                 ; -                  ; n/a           ; n/a             ; n/a         ;
; altera_reserved_tdo ; 2.5 V        ; 0 in              ; 0 H/in                  ; 0 F/in                  ; short         ; -                   ; open           ; open             ; open   ; 0 in             ; 0 H/in                 ; 0 F/in                 ; short        ; open          ; open            ; open  ; 0 V                 ; -                  ; n/a           ; n/a             ; n/a         ;
+---------------------+--------------+-------------------+-------------------------+-------------------------+---------------+---------------------+----------------+------------------+--------+------------------+------------------------+------------------------+--------------+---------------+-----------------+-------+---------------------+--------------------+---------------+-----------------+-------------+


+---------------------------------------------------------------------------------+
; Input Transition Times                                                          ;
+---------------------+-----------------------+-----------------+-----------------+
; Pin                 ; I/O Standard          ; 10-90 Rise Time ; 90-10 Fall Time ;
+---------------------+-----------------------+-----------------+-----------------+
; UART_RXD            ; 2.5 V                 ; 2000 ps         ; 2000 ps         ;
; clk                 ; 2.5 V                 ; 2000 ps         ; 2000 ps         ;
; rx_bit_data         ; 2.5 V                 ; 2000 ps         ; 2000 ps         ;
; altera_reserved_tms ; 2.5 V Schmitt Trigger ; 2000 ps         ; 2000 ps         ;
; altera_reserved_tck ; 2.5 V Schmitt Trigger ; 2000 ps         ; 2000 ps         ;
; altera_reserved_tdi ; 2.5 V Schmitt Trigger ; 2000 ps         ; 2000 ps         ;
; ~ALTERA_CONFIG_SEL~ ; 2.5 V                 ; 2000 ps         ; 2000 ps         ;
; ~ALTERA_nCONFIG~    ; 2.5 V Schmitt Trigger ; 2000 ps         ; 2000 ps         ;
; ~ALTERA_nSTATUS~    ; 2.5 V Schmitt Trigger ; 2000 ps         ; 2000 ps         ;
; ~ALTERA_CONF_DONE~  ; 2.5 V Schmitt Trigger ; 2000 ps         ; 2000 ps         ;
+---------------------+-----------------------+-----------------+-----------------+


+--------------------------------------------------------------------------------------------------------------------------------------------------------------------------------------------------------------------------------------------------------------------------------------------------------------------------------------------------------------------------------------------------------------------------------------------------------------------------------------------------------------------------------------------------------------------------------------------------------------------------------------------------------------------------------------------------+
; Signal Integrity Metrics (Slow 1200mv n40c Model)                                                                                                                                                                                                                                                                                                                                                                                                                                                                                                                                                                                                                                                ;
+---------------------+--------------+---------------------+---------------------+------------------------------+------------------------------+---------------------+---------------------+--------------------------------------+--------------------------------------+-----------------------------+-----------------------------+----------------------------+----------------------------+-----------------------------+-----------------------------+--------------------+--------------------+-------------------------------------+-------------------------------------+----------------------------+----------------------------+---------------------------+---------------------------+
; Pin                 ; I/O Standard ; Board Delay on Rise ; Board Delay on Fall ; Steady State Voh at FPGA Pin ; Steady State Vol at FPGA Pin ; Voh Max at FPGA Pin ; Vol Min at FPGA Pin ; Ringback Voltage on Rise at FPGA Pin ; Ringback Voltage on Fall at FPGA Pin ; 10-90 Rise Time at FPGA Pin ; 90-10 Fall Time at FPGA Pin ; Monotonic Rise at FPGA Pin ; Monotonic Fall at FPGA Pin ; Steady State Voh at Far-end ; Steady State Vol at Far-end ; Voh Max at Far-end ; Vol Min at Far-end ; Ringback Voltage on Rise at Far-end ; Ringback Voltage on Fall at Far-end ; 10-90 Rise Time at Far-end ; 90-10 Fall Time at Far-end ; Monotonic Rise at Far-end ; Monotonic Fall at Far-end ;
+---------------------+--------------+---------------------+---------------------+------------------------------+------------------------------+---------------------+---------------------+--------------------------------------+--------------------------------------+-----------------------------+-----------------------------+----------------------------+----------------------------+-----------------------------+-----------------------------+--------------------+--------------------+-------------------------------------+-------------------------------------+----------------------------+----------------------------+---------------------------+---------------------------+
; UART_TXD            ; 2.5 V        ; 0 s                 ; 0 s                 ; 2.32 V                       ; 2.8e-09 V                    ; 2.42 V              ; -0.103 V            ; 0.309 V                              ; 0.15 V                               ; 3.11e-10 s                  ; 4.21e-10 s                  ; No                         ; Yes                        ; 2.32 V                      ; 2.8e-09 V                   ; 2.42 V             ; -0.103 V           ; 0.309 V                             ; 0.15 V                              ; 3.11e-10 s                 ; 4.21e-10 s                 ; No                        ; Yes                       ;
; led1                ; 2.5 V        ; 0 s                 ; 0 s                 ; 2.32 V                       ; 2.8e-09 V                    ; 2.42 V              ; -0.103 V            ; 0.309 V                              ; 0.15 V                               ; 3.11e-10 s                  ; 4.21e-10 s                  ; No                         ; Yes                        ; 2.32 V                      ; 2.8e-09 V                   ; 2.42 V             ; -0.103 V           ; 0.309 V                             ; 0.15 V                              ; 3.11e-10 s                 ; 4.21e-10 s                 ; No                        ; Yes                       ;
; led2                ; 2.5 V        ; 0 s                 ; 0 s                 ; 2.32 V                       ; 2.8e-09 V                    ; 2.43 V              ; -0.113 V            ; 0.249 V                              ; 0.141 V                              ; 2.82e-10 s                  ; 4.07e-10 s                  ; No                         ; No                         ; 2.32 V                      ; 2.8e-09 V                   ; 2.43 V             ; -0.113 V           ; 0.249 V                             ; 0.141 V                             ; 2.82e-10 s                 ; 4.07e-10 s                 ; No                        ; No                        ;
; led3                ; 2.5 V        ; 0 s                 ; 0 s                 ; 2.32 V                       ; 2.8e-09 V                    ; 2.42 V              ; -0.103 V            ; 0.309 V                              ; 0.15 V                               ; 3.12e-10 s                  ; 4.21e-10 s                  ; No                         ; Yes                        ; 2.32 V                      ; 2.8e-09 V                   ; 2.42 V             ; -0.103 V           ; 0.309 V                             ; 0.15 V                              ; 3.12e-10 s                 ; 4.21e-10 s                 ; No                        ; Yes                       ;
; led4                ; 2.5 V        ; 0 s                 ; 0 s                 ; 2.32 V                       ; 2.79e-09 V                   ; 2.43 V              ; -0.11 V             ; 0.25 V                               ; 0.136 V                              ; 2.82e-10 s                  ; 4.07e-10 s                  ; No                         ; No                         ; 2.32 V                      ; 2.79e-09 V                  ; 2.43 V             ; -0.11 V            ; 0.25 V                              ; 0.136 V                             ; 2.82e-10 s                 ; 4.07e-10 s                 ; No                        ; No                        ;
; altera_reserved_tdo ; 2.5 V        ; 0 s                 ; 0 s                 ; 2.32 V                       ; 4.67e-09 V                   ; 2.4 V               ; -0.0615 V           ; 0.182 V                              ; 0.244 V                              ; 4.53e-10 s                  ; 4.59e-10 s                  ; No                         ; No                         ; 2.32 V                      ; 4.67e-09 V                  ; 2.4 V              ; -0.0615 V          ; 0.182 V                             ; 0.244 V                             ; 4.53e-10 s                 ; 4.59e-10 s                 ; No                        ; No                        ;
+---------------------+--------------+---------------------+---------------------+------------------------------+------------------------------+---------------------+---------------------+--------------------------------------+--------------------------------------+-----------------------------+-----------------------------+----------------------------+----------------------------+-----------------------------+-----------------------------+--------------------+--------------------+-------------------------------------+-------------------------------------+----------------------------+----------------------------+---------------------------+---------------------------+


+--------------------------------------------------------------------------------------------------------------------------------------------------------------------------------------------------------------------------------------------------------------------------------------------------------------------------------------------------------------------------------------------------------------------------------------------------------------------------------------------------------------------------------------------------------------------------------------------------------------------------------------------------------------------------------------------------+
; Signal Integrity Metrics (Slow 1200mv 100c Model)                                                                                                                                                                                                                                                                                                                                                                                                                                                                                                                                                                                                                                                ;
+---------------------+--------------+---------------------+---------------------+------------------------------+------------------------------+---------------------+---------------------+--------------------------------------+--------------------------------------+-----------------------------+-----------------------------+----------------------------+----------------------------+-----------------------------+-----------------------------+--------------------+--------------------+-------------------------------------+-------------------------------------+----------------------------+----------------------------+---------------------------+---------------------------+
; Pin                 ; I/O Standard ; Board Delay on Rise ; Board Delay on Fall ; Steady State Voh at FPGA Pin ; Steady State Vol at FPGA Pin ; Voh Max at FPGA Pin ; Vol Min at FPGA Pin ; Ringback Voltage on Rise at FPGA Pin ; Ringback Voltage on Fall at FPGA Pin ; 10-90 Rise Time at FPGA Pin ; 90-10 Fall Time at FPGA Pin ; Monotonic Rise at FPGA Pin ; Monotonic Fall at FPGA Pin ; Steady State Voh at Far-end ; Steady State Vol at Far-end ; Voh Max at Far-end ; Vol Min at Far-end ; Ringback Voltage on Rise at Far-end ; Ringback Voltage on Fall at Far-end ; 10-90 Rise Time at Far-end ; 90-10 Fall Time at Far-end ; Monotonic Rise at Far-end ; Monotonic Fall at Far-end ;
+---------------------+--------------+---------------------+---------------------+------------------------------+------------------------------+---------------------+---------------------+--------------------------------------+--------------------------------------+-----------------------------+-----------------------------+----------------------------+----------------------------+-----------------------------+-----------------------------+--------------------+--------------------+-------------------------------------+-------------------------------------+----------------------------+----------------------------+---------------------------+---------------------------+
; UART_TXD            ; 2.5 V        ; 0 s                 ; 0 s                 ; 2.32 V                       ; 2.38e-06 V                   ; 2.37 V              ; -0.0422 V           ; 0.212 V                              ; 0.098 V                              ; 5e-10 s                     ; 5.91e-10 s                  ; Yes                        ; Yes                        ; 2.32 V                      ; 2.38e-06 V                  ; 2.37 V             ; -0.0422 V          ; 0.212 V                             ; 0.098 V                             ; 5e-10 s                    ; 5.91e-10 s                 ; Yes                       ; Yes                       ;
; led1                ; 2.5 V        ; 0 s                 ; 0 s                 ; 2.32 V                       ; 2.38e-06 V                   ; 2.37 V              ; -0.0422 V           ; 0.212 V                              ; 0.098 V                              ; 5e-10 s                     ; 5.91e-10 s                  ; Yes                        ; Yes                        ; 2.32 V                      ; 2.38e-06 V                  ; 2.37 V             ; -0.0422 V          ; 0.212 V                             ; 0.098 V                             ; 5e-10 s                    ; 5.91e-10 s                 ; Yes                       ; Yes                       ;
; led2                ; 2.5 V        ; 0 s                 ; 0 s                 ; 2.32 V                       ; 2.38e-06 V                   ; 2.37 V              ; -0.045 V            ; 0.159 V                              ; 0.204 V                              ; 4.69e-10 s                  ; 4.62e-10 s                  ; Yes                        ; Yes                        ; 2.32 V                      ; 2.38e-06 V                  ; 2.37 V             ; -0.045 V           ; 0.159 V                             ; 0.204 V                             ; 4.69e-10 s                 ; 4.62e-10 s                 ; Yes                       ; Yes                       ;
; led3                ; 2.5 V        ; 0 s                 ; 0 s                 ; 2.32 V                       ; 2.38e-06 V                   ; 2.37 V              ; -0.0419 V           ; 0.213 V                              ; 0.099 V                              ; 5e-10 s                     ; 5.91e-10 s                  ; Yes                        ; Yes                        ; 2.32 V                      ; 2.38e-06 V                  ; 2.37 V             ; -0.0419 V          ; 0.213 V                             ; 0.099 V                             ; 5e-10 s                    ; 5.91e-10 s                 ; Yes                       ; Yes                       ;
; led4                ; 2.5 V        ; 0 s                 ; 0 s                 ; 2.32 V                       ; 2.38e-06 V                   ; 2.37 V              ; -0.0454 V           ; 0.16 V                               ; 0.203 V                              ; 4.69e-10 s                  ; 4.62e-10 s                  ; Yes                        ; Yes                        ; 2.32 V                      ; 2.38e-06 V                  ; 2.37 V             ; -0.0454 V          ; 0.16 V                              ; 0.203 V                             ; 4.69e-10 s                 ; 4.62e-10 s                 ; Yes                       ; Yes                       ;
; altera_reserved_tdo ; 2.5 V        ; 0 s                 ; 0 s                 ; 2.32 V                       ; 4.02e-06 V                   ; 2.36 V              ; -0.0151 V           ; 0.153 V                              ; 0.106 V                              ; 6.51e-10 s                  ; 7.55e-10 s                  ; No                         ; Yes                        ; 2.32 V                      ; 4.02e-06 V                  ; 2.36 V             ; -0.0151 V          ; 0.153 V                             ; 0.106 V                             ; 6.51e-10 s                 ; 7.55e-10 s                 ; No                        ; Yes                       ;
+---------------------+--------------+---------------------+---------------------+------------------------------+------------------------------+---------------------+---------------------+--------------------------------------+--------------------------------------+-----------------------------+-----------------------------+----------------------------+----------------------------+-----------------------------+-----------------------------+--------------------+--------------------+-------------------------------------+-------------------------------------+----------------------------+----------------------------+---------------------------+---------------------------+


+--------------------------------------------------------------------------------------------------------------------------------------------------------------------------------------------------------------------------------------------------------------------------------------------------------------------------------------------------------------------------------------------------------------------------------------------------------------------------------------------------------------------------------------------------------------------------------------------------------------------------------------------------------------------------------------------------+
; Signal Integrity Metrics (Fast 1200mv n40c Model)                                                                                                                                                                                                                                                                                                                                                                                                                                                                                                                                                                                                                                                ;
+---------------------+--------------+---------------------+---------------------+------------------------------+------------------------------+---------------------+---------------------+--------------------------------------+--------------------------------------+-----------------------------+-----------------------------+----------------------------+----------------------------+-----------------------------+-----------------------------+--------------------+--------------------+-------------------------------------+-------------------------------------+----------------------------+----------------------------+---------------------------+---------------------------+
; Pin                 ; I/O Standard ; Board Delay on Rise ; Board Delay on Fall ; Steady State Voh at FPGA Pin ; Steady State Vol at FPGA Pin ; Voh Max at FPGA Pin ; Vol Min at FPGA Pin ; Ringback Voltage on Rise at FPGA Pin ; Ringback Voltage on Fall at FPGA Pin ; 10-90 Rise Time at FPGA Pin ; 90-10 Fall Time at FPGA Pin ; Monotonic Rise at FPGA Pin ; Monotonic Fall at FPGA Pin ; Steady State Voh at Far-end ; Steady State Vol at Far-end ; Voh Max at Far-end ; Vol Min at Far-end ; Ringback Voltage on Rise at Far-end ; Ringback Voltage on Fall at Far-end ; 10-90 Rise Time at Far-end ; 90-10 Fall Time at Far-end ; Monotonic Rise at Far-end ; Monotonic Fall at Far-end ;
+---------------------+--------------+---------------------+---------------------+------------------------------+------------------------------+---------------------+---------------------+--------------------------------------+--------------------------------------+-----------------------------+-----------------------------+----------------------------+----------------------------+-----------------------------+-----------------------------+--------------------+--------------------+-------------------------------------+-------------------------------------+----------------------------+----------------------------+---------------------------+---------------------------+
; UART_TXD            ; 2.5 V        ; 0 s                 ; 0 s                 ; 2.62 V                       ; 8.37e-09 V                   ; 2.79 V              ; -0.06 V             ; 0.27 V                               ; 0.123 V                              ; 2.68e-10 s                  ; 2.78e-10 s                  ; No                         ; Yes                        ; 2.62 V                      ; 8.37e-09 V                  ; 2.79 V             ; -0.06 V            ; 0.27 V                              ; 0.123 V                             ; 2.68e-10 s                 ; 2.78e-10 s                 ; No                        ; Yes                       ;
; led1                ; 2.5 V        ; 0 s                 ; 0 s                 ; 2.62 V                       ; 8.37e-09 V                   ; 2.79 V              ; -0.06 V             ; 0.27 V                               ; 0.123 V                              ; 2.68e-10 s                  ; 2.78e-10 s                  ; No                         ; Yes                        ; 2.62 V                      ; 8.37e-09 V                  ; 2.79 V             ; -0.06 V            ; 0.27 V                              ; 0.123 V                             ; 2.68e-10 s                 ; 2.78e-10 s                 ; No                        ; Yes                       ;
; led2                ; 2.5 V        ; 0 s                 ; 0 s                 ; 2.62 V                       ; 8.38e-09 V                   ; 2.81 V              ; -0.0548 V           ; 0.247 V                              ; 0.09 V                               ; 2.59e-10 s                  ; 2.54e-10 s                  ; No                         ; Yes                        ; 2.62 V                      ; 8.38e-09 V                  ; 2.81 V             ; -0.0548 V          ; 0.247 V                             ; 0.09 V                              ; 2.59e-10 s                 ; 2.54e-10 s                 ; No                        ; Yes                       ;
; led3                ; 2.5 V        ; 0 s                 ; 0 s                 ; 2.62 V                       ; 8.39e-09 V                   ; 2.79 V              ; -0.061 V            ; 0.27 V                               ; 0.124 V                              ; 2.68e-10 s                  ; 2.78e-10 s                  ; No                         ; Yes                        ; 2.62 V                      ; 8.39e-09 V                  ; 2.79 V             ; -0.061 V           ; 0.27 V                              ; 0.124 V                             ; 2.68e-10 s                 ; 2.78e-10 s                 ; No                        ; Yes                       ;
; led4                ; 2.5 V        ; 0 s                 ; 0 s                 ; 2.62 V                       ; 8.38e-09 V                   ; 2.81 V              ; -0.0554 V           ; 0.246 V                              ; 0.091 V                              ; 2.59e-10 s                  ; 2.54e-10 s                  ; No                         ; Yes                        ; 2.62 V                      ; 8.38e-09 V                  ; 2.81 V             ; -0.0554 V          ; 0.246 V                             ; 0.091 V                             ; 2.59e-10 s                 ; 2.54e-10 s                 ; No                        ; Yes                       ;
; altera_reserved_tdo ; 2.5 V        ; 0 s                 ; 0 s                 ; 2.62 V                       ; 1.41e-08 V                   ; 2.76 V              ; -0.0557 V           ; 0.312 V                              ; 0.096 V                              ; 2.82e-10 s                  ; 4.04e-10 s                  ; No                         ; Yes                        ; 2.62 V                      ; 1.41e-08 V                  ; 2.76 V             ; -0.0557 V          ; 0.312 V                             ; 0.096 V                             ; 2.82e-10 s                 ; 4.04e-10 s                 ; No                        ; Yes                       ;
+---------------------+--------------+---------------------+---------------------+------------------------------+------------------------------+---------------------+---------------------+--------------------------------------+--------------------------------------+-----------------------------+-----------------------------+----------------------------+----------------------------+-----------------------------+-----------------------------+--------------------+--------------------+-------------------------------------+-------------------------------------+----------------------------+----------------------------+---------------------------+---------------------------+


+-------------------------------------------------------------------------------------------------------------------------------------------------------------+
; Setup Transfers                                                                                                                                             ;
+------------------------------------------------------+------------------------------------------------------+--------------+----------+----------+----------+
; From Clock                                           ; To Clock                                             ; RR Paths     ; FR Paths ; RF Paths ; FF Paths ;
+------------------------------------------------------+------------------------------------------------------+--------------+----------+----------+----------+
; altera_reserved_tck                                  ; altera_reserved_tck                                  ; 13484        ; 0        ; 84       ; 0        ;
; clk                                                  ; altera_reserved_tck                                  ; false path   ; 0        ; 0        ; 0        ;
; altera_reserved_tck                                  ; clk                                                  ; false path   ; 0        ; 0        ; 0        ;
; clk                                                  ; clk                                                  ; 6385         ; 0        ; 0        ; 0        ;
; rx_pll_c|altpll_component|auto_generated|pll1|clk[0] ; clk                                                  ; 2            ; 2        ; 0        ; 0        ;
; rx_pll_c|altpll_component|auto_generated|pll1|clk[1] ; clk                                                  ; 316          ; 2        ; 0        ; 0        ;
; rx_pll_c|altpll_component|auto_generated|pll1|clk[2] ; clk                                                  ; 4            ; 0        ; 0        ; 0        ;
; rx_pll_c|altpll_component|auto_generated|pll1|clk[0] ; rx_pll_c|altpll_component|auto_generated|pll1|clk[0] ; 1274         ; 0        ; 0        ; 0        ;
; rx_pll_c|altpll_component|auto_generated|pll1|clk[1] ; rx_pll_c|altpll_component|auto_generated|pll1|clk[0] ; 9            ; 0        ; 0        ; 0        ;
; rx_pll_c|altpll_component|auto_generated|pll1|clk[1] ; rx_pll_c|altpll_component|auto_generated|pll1|clk[1] ; > 2147483647 ; 0        ; 0        ; 0        ;
; rx_pll_c|altpll_component|auto_generated|pll1|clk[2] ; rx_pll_c|altpll_component|auto_generated|pll1|clk[1] ; 2            ; 0        ; 0        ; 0        ;
; rx_pll_c|altpll_component|auto_generated|pll1|clk[1] ; rx_pll_c|altpll_component|auto_generated|pll1|clk[2] ; 1            ; 0        ; 0        ; 0        ;
; rx_pll_c|altpll_component|auto_generated|pll1|clk[2] ; rx_pll_c|altpll_component|auto_generated|pll1|clk[2] ; 5            ; 0        ; 0        ; 0        ;
+------------------------------------------------------+------------------------------------------------------+--------------+----------+----------+----------+
Entries labeled "false path" only account for clock-to-clock false paths and not path-based false paths. As a result, actual path counts may be lower than reported.


+-------------------------------------------------------------------------------------------------------------------------------------------------------------+
; Hold Transfers                                                                                                                                              ;
+------------------------------------------------------+------------------------------------------------------+--------------+----------+----------+----------+
; From Clock                                           ; To Clock                                             ; RR Paths     ; FR Paths ; RF Paths ; FF Paths ;
+------------------------------------------------------+------------------------------------------------------+--------------+----------+----------+----------+
; altera_reserved_tck                                  ; altera_reserved_tck                                  ; 13484        ; 0        ; 84       ; 0        ;
; clk                                                  ; altera_reserved_tck                                  ; false path   ; 0        ; 0        ; 0        ;
; altera_reserved_tck                                  ; clk                                                  ; false path   ; 0        ; 0        ; 0        ;
; clk                                                  ; clk                                                  ; 6385         ; 0        ; 0        ; 0        ;
; rx_pll_c|altpll_component|auto_generated|pll1|clk[0] ; clk                                                  ; 2            ; 2        ; 0        ; 0        ;
; rx_pll_c|altpll_component|auto_generated|pll1|clk[1] ; clk                                                  ; 316          ; 2        ; 0        ; 0        ;
; rx_pll_c|altpll_component|auto_generated|pll1|clk[2] ; clk                                                  ; 4            ; 0        ; 0        ; 0        ;
; rx_pll_c|altpll_component|auto_generated|pll1|clk[0] ; rx_pll_c|altpll_component|auto_generated|pll1|clk[0] ; 1274         ; 0        ; 0        ; 0        ;
; rx_pll_c|altpll_component|auto_generated|pll1|clk[1] ; rx_pll_c|altpll_component|auto_generated|pll1|clk[0] ; 9            ; 0        ; 0        ; 0        ;
; rx_pll_c|altpll_component|auto_generated|pll1|clk[1] ; rx_pll_c|altpll_component|auto_generated|pll1|clk[1] ; > 2147483647 ; 0        ; 0        ; 0        ;
; rx_pll_c|altpll_component|auto_generated|pll1|clk[2] ; rx_pll_c|altpll_component|auto_generated|pll1|clk[1] ; 2            ; 0        ; 0        ; 0        ;
; rx_pll_c|altpll_component|auto_generated|pll1|clk[1] ; rx_pll_c|altpll_component|auto_generated|pll1|clk[2] ; 1            ; 0        ; 0        ; 0        ;
; rx_pll_c|altpll_component|auto_generated|pll1|clk[2] ; rx_pll_c|altpll_component|auto_generated|pll1|clk[2] ; 5            ; 0        ; 0        ; 0        ;
+------------------------------------------------------+------------------------------------------------------+--------------+----------+----------+----------+
Entries labeled "false path" only account for clock-to-clock false paths and not path-based false paths. As a result, actual path counts may be lower than reported.


+-----------------------------------------------------------------------------------------+
; Recovery Transfers                                                                      ;
+---------------------+---------------------+------------+----------+----------+----------+
; From Clock          ; To Clock            ; RR Paths   ; FR Paths ; RF Paths ; FF Paths ;
+---------------------+---------------------+------------+----------+----------+----------+
; altera_reserved_tck ; altera_reserved_tck ; 1427       ; 0        ; 1        ; 0        ;
; altera_reserved_tck ; clk                 ; false path ; 0        ; 0        ; 0        ;
+---------------------+---------------------+------------+----------+----------+----------+
Entries labeled "false path" only account for clock-to-clock false paths and not path-based false paths. As a result, actual path counts may be lower than reported.


+-----------------------------------------------------------------------------------------+
; Removal Transfers                                                                       ;
+---------------------+---------------------+------------+----------+----------+----------+
; From Clock          ; To Clock            ; RR Paths   ; FR Paths ; RF Paths ; FF Paths ;
+---------------------+---------------------+------------+----------+----------+----------+
; altera_reserved_tck ; altera_reserved_tck ; 1427       ; 0        ; 1        ; 0        ;
; altera_reserved_tck ; clk                 ; false path ; 0        ; 0        ; 0        ;
+---------------------+---------------------+------------+----------+----------+----------+
Entries labeled "false path" only account for clock-to-clock false paths and not path-based false paths. As a result, actual path counts may be lower than reported.


---------------
; Report TCCS ;
---------------
No dedicated SERDES Transmitter circuitry present in device or used in design


---------------
; Report RSKM ;
---------------
No non-DPA dedicated SERDES Receiver circuitry present in device or used in design


+------------------------------------------------+
; Unconstrained Paths Summary                    ;
+---------------------------------+-------+------+
; Property                        ; Setup ; Hold ;
+---------------------------------+-------+------+
; Illegal Clocks                  ; 0     ; 0    ;
; Unconstrained Clocks            ; 0     ; 0    ;
; Unconstrained Input Ports       ; 2     ; 2    ;
; Unconstrained Input Port Paths  ; 49    ; 49   ;
; Unconstrained Output Ports      ; 4     ; 4    ;
; Unconstrained Output Port Paths ; 4     ; 4    ;
+---------------------------------+-------+------+


+---------------------------------------------------------------------------------------------------------------------------------------+
; Clock Status Summary                                                                                                                  ;
+------------------------------------------------------+------------------------------------------------------+-----------+-------------+
; Target                                               ; Clock                                                ; Type      ; Status      ;
+------------------------------------------------------+------------------------------------------------------+-----------+-------------+
; altera_reserved_tck                                  ; altera_reserved_tck                                  ; Base      ; Constrained ;
; clk                                                  ; clk                                                  ; Base      ; Constrained ;
; rx_pll_c|altpll_component|auto_generated|pll1|clk[0] ; rx_pll_c|altpll_component|auto_generated|pll1|clk[0] ; Generated ; Constrained ;
; rx_pll_c|altpll_component|auto_generated|pll1|clk[1] ; rx_pll_c|altpll_component|auto_generated|pll1|clk[1] ; Generated ; Constrained ;
; rx_pll_c|altpll_component|auto_generated|pll1|clk[2] ; rx_pll_c|altpll_component|auto_generated|pll1|clk[2] ; Generated ; Constrained ;
+------------------------------------------------------+------------------------------------------------------+-----------+-------------+


+------------------------------------------------------------------------------------------------------------+
; Unconstrained Input Ports                                                                                  ;
+---------------------+--------------------------------------------------------------------------------------+
; Input Port          ; Comment                                                                              ;
+---------------------+--------------------------------------------------------------------------------------+
; altera_reserved_tdi ; No input delay, min/max delays, false-path exceptions, or max skew assignments found ;
; altera_reserved_tms ; No input delay, min/max delays, false-path exceptions, or max skew assignments found ;
+---------------------+--------------------------------------------------------------------------------------+


+-------------------------------------------------------------------------------------------------------------+
; Unconstrained Output Ports                                                                                  ;
+---------------------+---------------------------------------------------------------------------------------+
; Output Port         ; Comment                                                                               ;
+---------------------+---------------------------------------------------------------------------------------+
; altera_reserved_tdo ; No output delay, min/max delays, false-path exceptions, or max skew assignments found ;
; led1                ; No output delay, min/max delays, false-path exceptions, or max skew assignments found ;
; led2                ; No output delay, min/max delays, false-path exceptions, or max skew assignments found ;
; led3                ; No output delay, min/max delays, false-path exceptions, or max skew assignments found ;
+---------------------+---------------------------------------------------------------------------------------+


+------------------------------------------------------------------------------------------------------------+
; Unconstrained Input Ports                                                                                  ;
+---------------------+--------------------------------------------------------------------------------------+
; Input Port          ; Comment                                                                              ;
+---------------------+--------------------------------------------------------------------------------------+
; altera_reserved_tdi ; No input delay, min/max delays, false-path exceptions, or max skew assignments found ;
; altera_reserved_tms ; No input delay, min/max delays, false-path exceptions, or max skew assignments found ;
+---------------------+--------------------------------------------------------------------------------------+


+-------------------------------------------------------------------------------------------------------------+
; Unconstrained Output Ports                                                                                  ;
+---------------------+---------------------------------------------------------------------------------------+
; Output Port         ; Comment                                                                               ;
+---------------------+---------------------------------------------------------------------------------------+
; altera_reserved_tdo ; No output delay, min/max delays, false-path exceptions, or max skew assignments found ;
; led1                ; No output delay, min/max delays, false-path exceptions, or max skew assignments found ;
; led2                ; No output delay, min/max delays, false-path exceptions, or max skew assignments found ;
; led3                ; No output delay, min/max delays, false-path exceptions, or max skew assignments found ;
+---------------------+---------------------------------------------------------------------------------------+


+------------------------------------+
; TimeQuest Timing Analyzer Messages ;
+------------------------------------+
Info: *******************************************************************
Info: Running Quartus Prime TimeQuest Timing Analyzer
    Info: Version 15.1.0 Build 185 10/21/2015 SJ Lite Edition
    Info: Processing started: Wed Jul 04 18:25:11 2018
Info: Command: quartus_sta BA1533_RX -c BA1533_RX
Info: qsta_default_script.tcl version: #1
Info (20030): Parallel compilation is enabled and will use 2 of the 2 processors detected
Info (21077): Low junction temperature is -40 degrees C
Info (21077): High junction temperature is 100 degrees C
Info (332164): Evaluating HDL-embedded SDC commands
    Info (332165): Entity sld_hub
        Info (332166): create_clock -name altera_reserved_tck [get_ports {altera_reserved_tck}] -period 10MHz   
        Info (332166): set_clock_groups -asynchronous -group {altera_reserved_tck}
Info (332104): Reading SDC File: 'BA1533_RX.out.sdc'
Warning (332174): Ignored filter at BA1533_RX.out.sdc(47): clk9MHz_offset30 could not be matched with a register File: C:/BA/Software_projects/FPGA/1533_FPGA/BA_1533_RX/BA1533_RX.out.sdc Line: 47
Critical Warning (332049): Ignored create_generated_clock at BA1533_RX.out.sdc(47): Argument <targets> is an empty collection File: C:/BA/Software_projects/FPGA/1533_FPGA/BA_1533_RX/BA1533_RX.out.sdc Line: 47
    Info (332050): create_generated_clock -name clk9MHz_offset30 -source [get_ports {clk}] [get_registers {clk9MHz_offset30}] File: C:/BA/Software_projects/FPGA/1533_FPGA/BA_1533_RX/BA1533_RX.out.sdc Line: 47
Info (332110): Deriving PLL clocks
    Info (332110): create_generated_clock -source {rx_pll_c|altpll_component|auto_generated|pll1|inclk[0]} -divide_by 4 -duty_cycle 50.00 -name {rx_pll_c|altpll_component|auto_generated|pll1|clk[0]} {rx_pll_c|altpll_component|auto_generated|pll1|clk[0]}
    Info (332110): create_generated_clock -source {rx_pll_c|altpll_component|auto_generated|pll1|inclk[0]} -divide_by 113 -multiply_by 9 -duty_cycle 50.00 -name {rx_pll_c|altpll_component|auto_generated|pll1|clk[1]} {rx_pll_c|altpll_component|auto_generated|pll1|clk[1]}
    Info (332110): create_generated_clock -source {rx_pll_c|altpll_component|auto_generated|pll1|inclk[0]} -divide_by 10 -multiply_by 9 -duty_cycle 50.00 -name {rx_pll_c|altpll_component|auto_generated|pll1|clk[2]} {rx_pll_c|altpll_component|auto_generated|pll1|clk[2]}
Info (332151): Clock uncertainty is not calculated until you update the timing netlist.
Info (332097): The following timing edges are non-unate.  TimeQuest will assume pos-unate behavior for these edges in the clock network.
    Info (332098): Cell: altera_internal_jtag  from: tck  to: tckutap
Info (332123): Deriving Clock Uncertainty. Please refer to report_sdc in TimeQuest to see clock uncertainties.
Info: Found TIMEQUEST_REPORT_SCRIPT_INCLUDE_DEFAULT_ANALYSIS = ON
Info: Analyzing Slow 1200mV 100C Model
Info: Can't run Report Timing Closure Recommendations. The current device family is not supported.
Critical Warning (332148): Timing requirements not met
Info (332146): Worst-case setup slack is -1.916
    Info (332119):     Slack       End Point TNS Clock 
    Info (332119): ========= =================== =====================
    Info (332119):    -1.916            -342.918 clk 
    Info (332119):    -0.661              -0.661 rx_pll_c|altpll_component|auto_generated|pll1|clk[2] 
    Info (332119):    -0.461              -0.527 rx_pll_c|altpll_component|auto_generated|pll1|clk[1] 
    Info (332119):    -0.081              -0.219 rx_pll_c|altpll_component|auto_generated|pll1|clk[0] 
    Info (332119):    42.256               0.000 altera_reserved_tck 
Info (332146): Worst-case hold slack is 0.239
    Info (332119):     Slack       End Point TNS Clock 
    Info (332119): ========= =================== =====================
    Info (332119):     0.239               0.000 clk 
    Info (332119):     0.275               0.000 rx_pll_c|altpll_component|auto_generated|pll1|clk[0] 
    Info (332119):     0.346               0.000 altera_reserved_tck 
    Info (332119):     0.346               0.000 rx_pll_c|altpll_component|auto_generated|pll1|clk[1] 
    Info (332119):     0.409               0.000 rx_pll_c|altpll_component|auto_generated|pll1|clk[2] 
Info (332146): Worst-case recovery slack is 47.977
    Info (332119):     Slack       End Point TNS Clock 
    Info (332119): ========= =================== =====================
    Info (332119):    47.977               0.000 altera_reserved_tck 
Info (332146): Worst-case removal slack is 1.147
    Info (332119):     Slack       End Point TNS Clock 
    Info (332119): ========= =================== =====================
    Info (332119):     1.147               0.000 altera_reserved_tck 
Info (332146): Worst-case minimum pulse width slack is 4.562
    Info (332119):     Slack       End Point TNS Clock 
    Info (332119): ========= =================== =====================
    Info (332119):     4.562               0.000 clk 
    Info (332119):     5.288               0.000 rx_pll_c|altpll_component|auto_generated|pll1|clk[2] 
    Info (332119):    19.670               0.000 rx_pll_c|altpll_component|auto_generated|pll1|clk[0] 
    Info (332119):    49.517               0.000 altera_reserved_tck 
    Info (332119):    62.508               0.000 rx_pll_c|altpll_component|auto_generated|pll1|clk[1] 
Info (332114): Report Metastability: Found 202 synchronizer chains.
    Info (332114): Design MTBF is not calculated because the design doesn't meet its timing requirements.
Info: Analyzing Slow 1200mV -40C Model
Info (334003): Started post-fitting delay annotation
Info (334004): Delay annotation completed successfully
Info (332097): The following timing edges are non-unate.  TimeQuest will assume pos-unate behavior for these edges in the clock network.
    Info (332098): Cell: altera_internal_jtag  from: tck  to: tckutap
Info (332123): Deriving Clock Uncertainty. Please refer to report_sdc in TimeQuest to see clock uncertainties.
Critical Warning (332148): Timing requirements not met
Info (332146): Worst-case setup slack is -1.681
    Info (332119):     Slack       End Point TNS Clock 
    Info (332119): ========= =================== =====================
    Info (332119):    -1.681            -298.278 clk 
    Info (332119):    -0.761              -0.761 rx_pll_c|altpll_component|auto_generated|pll1|clk[2] 
    Info (332119):    -0.303              -0.303 rx_pll_c|altpll_component|auto_generated|pll1|clk[1] 
    Info (332119):     0.039               0.000 rx_pll_c|altpll_component|auto_generated|pll1|clk[0] 
    Info (332119):    43.160               0.000 altera_reserved_tck 
Info (332146): Worst-case hold slack is 0.226
    Info (332119):     Slack       End Point TNS Clock 
    Info (332119): ========= =================== =====================
    Info (332119):     0.226               0.000 clk 
    Info (332119):     0.245               0.000 rx_pll_c|altpll_component|auto_generated|pll1|clk[0] 
    Info (332119):     0.296               0.000 altera_reserved_tck 
    Info (332119):     0.297               0.000 rx_pll_c|altpll_component|auto_generated|pll1|clk[1] 
    Info (332119):     0.369               0.000 rx_pll_c|altpll_component|auto_generated|pll1|clk[2] 
Info (332146): Worst-case recovery slack is 48.204
    Info (332119):     Slack       End Point TNS Clock 
    Info (332119): ========= =================== =====================
    Info (332119):    48.204               0.000 altera_reserved_tck 
Info (332146): Worst-case removal slack is 1.004
    Info (332119):     Slack       End Point TNS Clock 
    Info (332119): ========= =================== =====================
    Info (332119):     1.004               0.000 altera_reserved_tck 
Info (332146): Worst-case minimum pulse width slack is 4.600
    Info (332119):     Slack       End Point TNS Clock 
    Info (332119): ========= =================== =====================
    Info (332119):     4.600               0.000 clk 
    Info (332119):     5.291               0.000 rx_pll_c|altpll_component|auto_generated|pll1|clk[2] 
    Info (332119):    19.668               0.000 rx_pll_c|altpll_component|auto_generated|pll1|clk[0] 
    Info (332119):    49.540               0.000 altera_reserved_tck 
    Info (332119):    62.512               0.000 rx_pll_c|altpll_component|auto_generated|pll1|clk[1] 
Info (332114): Report Metastability: Found 202 synchronizer chains.
    Info (332114): Design MTBF is not calculated because the design doesn't meet its timing requirements.
Info: Analyzing Fast 1200mV -40C Model
Info (332097): The following timing edges are non-unate.  TimeQuest will assume pos-unate behavior for these edges in the clock network.
    Info (332098): Cell: altera_internal_jtag  from: tck  to: tckutap
Info (332123): Deriving Clock Uncertainty. Please refer to report_sdc in TimeQuest to see clock uncertainties.
Critical Warning (332148): Timing requirements not met
Info (332146): Worst-case setup slack is -0.409
    Info (332119):     Slack       End Point TNS Clock 
    Info (332119): ========= =================== =====================
    Info (332119):    -0.409             -18.436 clk 
    Info (332119):     0.205               0.000 rx_pll_c|altpll_component|auto_generated|pll1|clk[2] 
    Info (332119):     0.383               0.000 rx_pll_c|altpll_component|auto_generated|pll1|clk[1] 
    Info (332119):     0.568               0.000 rx_pll_c|altpll_component|auto_generated|pll1|clk[0] 
    Info (332119):    47.102               0.000 altera_reserved_tck 
Info (332146): Worst-case hold slack is -0.091
    Info (332119):     Slack       End Point TNS Clock 
    Info (332119): ========= =================== =====================
    Info (332119):    -0.091              -0.102 clk 
    Info (332119):     0.012               0.000 rx_pll_c|altpll_component|auto_generated|pll1|clk[2] 
    Info (332119):     0.046               0.000 rx_pll_c|altpll_component|auto_generated|pll1|clk[0] 
    Info (332119):     0.107               0.000 rx_pll_c|altpll_component|auto_generated|pll1|clk[1] 
    Info (332119):     0.144               0.000 altera_reserved_tck 
Info (332146): Worst-case recovery slack is 49.348
    Info (332119):     Slack       End Point TNS Clock 
    Info (332119): ========= =================== =====================
    Info (332119):    49.348               0.000 altera_reserved_tck 
Info (332146): Worst-case removal slack is 0.467
    Info (332119):     Slack       End Point TNS Clock 
    Info (332119): ========= =================== =====================
    Info (332119):     0.467               0.000 altera_reserved_tck 
Info (332146): Worst-case minimum pulse width slack is 4.412
    Info (332119):     Slack       End Point TNS Clock 
    Info (332119): ========= =================== =====================
    Info (332119):     4.412               0.000 clk 
    Info (332119):     5.338               0.000 rx_pll_c|altpll_component|auto_generated|pll1|clk[2] 
    Info (332119):    19.725               0.000 rx_pll_c|altpll_component|auto_generated|pll1|clk[0] 
    Info (332119):    49.396               0.000 altera_reserved_tck 
    Info (332119):    62.558               0.000 rx_pll_c|altpll_component|auto_generated|pll1|clk[1] 
Info (332114): Report Metastability: Found 202 synchronizer chains.
    Info (332114): Design MTBF is not calculated because the design doesn't meet its timing requirements.
Info (332102): Design is not fully constrained for setup requirements
Info (332102): Design is not fully constrained for hold requirements
Info: Quartus Prime TimeQuest Timing Analyzer was successful. 0 errors, 5 warnings
    Info: Peak virtual memory: 5021 megabytes
    Info: Processing ended: Wed Jul 04 18:25:23 2018
    Info: Elapsed time: 00:00:12
    Info: Total CPU time (on all processors): 00:00:15


