Partition Merge report for BA1533_RX
Thu Jun 14 14:05:55 2018
Quartus Prime Version 15.1.0 Build 185 10/21/2015 SJ Lite Edition


---------------------
; Table of Contents ;
---------------------
  1. Legal Notice
  2. Partition Merge Summary
  3. Partition Merge Netlist Types Used
  4. Partition Merge Partition Statistics
  5. Partition Merge Partition Pin Processing
  6. Partition Merge Resource Usage Summary
  7. Partition Merge RAM Summary
  8. Partition Merge DSP Block Usage Summary
  9. Partition Merge Messages



----------------
; Legal Notice ;
----------------
Copyright (C) 1991-2015 Altera Corporation. All rights reserved.
Your use of Altera Corporation's design tools, logic functions 
and other software and tools, and its AMPP partner logic 
functions, and any output files from any of the foregoing 
(including device programming or simulation files), and any 
associated documentation or information are expressly subject 
to the terms and conditions of the Altera Program License 
Subscription Agreement, the Altera Quartus Prime License Agreement,
the Altera MegaCore Function License Agreement, or other 
applicable license agreement, including, without limitation, 
that your use is for the sole purpose of programming logic 
devices manufactured by Altera and sold by Altera or its 
authorized distributors.  Please refer to the applicable 
agreement for further details.



+----------------------------------------------------------------------------------+
; Partition Merge Summary                                                          ;
+------------------------------------+---------------------------------------------+
; Partition Merge Status             ; Successful - Thu Jun 14 14:05:55 2018       ;
; Quartus Prime Version              ; 15.1.0 Build 185 10/21/2015 SJ Lite Edition ;
; Revision Name                      ; BA1533_RX                                   ;
; Top-level Entity Name              ; BA1533_RX                                   ;
; Family                             ; MAX 10                                      ;
; Total logic elements               ; 1,628                                       ;
;     Total combinational functions  ; 1,590                                       ;
;     Dedicated logic registers      ; 287                                         ;
; Total registers                    ; 287                                         ;
; Total pins                         ; 8                                           ;
; Total virtual pins                 ; 0                                           ;
; Total memory bits                  ; 2,048                                       ;
; Embedded Multiplier 9-bit elements ; 4                                           ;
; Total PLLs                         ; 1                                           ;
; UFM blocks                         ; 0                                           ;
; ADC blocks                         ; 0                                           ;
+------------------------------------+---------------------------------------------+


+-------------------------------------------------------------------------------------------------------------------------------+
; Partition Merge Netlist Types Used                                                                                            ;
+--------------------------------+----------------+-------------------+------------------------+--------------------------------+
; Partition Name                 ; Partition Type ; Netlist Type Used ; Netlist Type Requested ; Partition Contents             ;
+--------------------------------+----------------+-------------------+------------------------+--------------------------------+
; Top                            ; User-created   ; Source File       ; Source File            ;                                ;
; hard_block:auto_generated_inst ; Auto-generated ; Source File       ; Source File            ; hard_block:auto_generated_inst ;
+--------------------------------+----------------+-------------------+------------------------+--------------------------------+


+-------------------------------------------------------------------------------------+
; Partition Merge Partition Statistics                                                ;
+---------------------------------------------+------+--------------------------------+
; Statistic                                   ; Top  ; hard_block:auto_generated_inst ;
+---------------------------------------------+------+--------------------------------+
; Estimated Total logic elements              ; 1628 ; 0                              ;
;                                             ;      ;                                ;
; Total combinational functions               ; 1590 ; 0                              ;
; Logic element usage by number of LUT inputs ;      ;                                ;
;     -- 4 input functions                    ; 675  ; 0                              ;
;     -- 3 input functions                    ; 668  ; 0                              ;
;     -- <=2 input functions                  ; 247  ; 0                              ;
;                                             ;      ;                                ;
; Logic elements by mode                      ;      ;                                ;
;     -- normal mode                          ; 842  ; 0                              ;
;     -- arithmetic mode                      ; 748  ; 0                              ;
;                                             ;      ;                                ;
; Total registers                             ; 287  ; 0                              ;
;     -- Dedicated logic registers            ; 287  ; 0                              ;
;     -- I/O registers                        ; 0    ; 0                              ;
;                                             ;      ;                                ;
; Virtual pins                                ; 0    ; 0                              ;
; I/O pins                                    ; 8    ; 0                              ;
; Embedded Multiplier 9-bit elements          ; 4    ; 0                              ;
; Total memory bits                           ; 2048 ; 0                              ;
; Total RAM block bits                        ; 0    ; 0                              ;
; PLL                                         ; 0    ; 1                              ;
;                                             ;      ;                                ;
; Connections                                 ;      ;                                ;
;     -- Input Connections                    ; 319  ; 1                              ;
;     -- Registered Input Connections         ; 287  ; 0                              ;
;     -- Output Connections                   ; 1    ; 319                            ;
;     -- Registered Output Connections        ; 0    ; 0                              ;
;                                             ;      ;                                ;
; Internal Connections                        ;      ;                                ;
;     -- Total Connections                    ; 6296 ; 321                            ;
;     -- Registered Connections               ; 1893 ; 0                              ;
;                                             ;      ;                                ;
; External Connections                        ;      ;                                ;
;     -- Top                                  ; 0    ; 320                            ;
;     -- hard_block:auto_generated_inst       ; 320  ; 0                              ;
;                                             ;      ;                                ;
; Partition Interface                         ;      ;                                ;
;     -- Input Ports                          ; 3    ; 1                              ;
;     -- Output Ports                         ; 5    ; 2                              ;
;     -- Bidir Ports                          ; 0    ; 0                              ;
;                                             ;      ;                                ;
; Registered Ports                            ;      ;                                ;
;     -- Registered Input Ports               ; 0    ; 0                              ;
;     -- Registered Output Ports              ; 0    ; 0                              ;
;                                             ;      ;                                ;
; Port Connectivity                           ;      ;                                ;
;     -- Input Ports driven by GND            ; 0    ; 0                              ;
;     -- Output Ports driven by GND           ; 0    ; 0                              ;
;     -- Input Ports driven by VCC            ; 0    ; 0                              ;
;     -- Output Ports driven by VCC           ; 0    ; 0                              ;
;     -- Input Ports with no Source           ; 0    ; 0                              ;
;     -- Output Ports with no Source          ; 0    ; 0                              ;
;     -- Input Ports with no Fanout           ; 0    ; 0                              ;
;     -- Output Ports with no Fanout          ; 0    ; 0                              ;
+---------------------------------------------+------+--------------------------------+
Note: Resource usage numbers presented for Partitions containing post-synthesis logic are estimates.  For Partitions containing post-fit logic, resource usage numbers are accurate based on previous placement information.  Actual Fitter results may vary depending on current Fitter Preservation Level assignments.


+-------------------------------------------------------------------------------+
; Partition Merge Partition Pin Processing                                      ;
+--------------------------+-----------+---------------+----------+-------------+
; Name                     ; Partition ; Type          ; Location ; Status      ;
+--------------------------+-----------+---------------+----------+-------------+
; UART_RXD                 ; Top       ; Input Port    ; n/a      ;             ;
;     -- UART_RXD          ; Top       ; Input Pad     ; Unplaced ; Synthesized ;
;     -- UART_RXD~input    ; Top       ; Input Buffer  ; Unplaced ; Synthesized ;
;                          ;           ;               ;          ;             ;
; UART_TXD                 ; Top       ; Output Port   ; n/a      ;             ;
;     -- UART_TXD          ; Top       ; Output Pad    ; Unplaced ; Synthesized ;
;     -- UART_TXD~output   ; Top       ; Output Buffer ; Unplaced ; Synthesized ;
;                          ;           ;               ;          ;             ;
; clk                      ; Top       ; Input Port    ; n/a      ;             ;
;     -- clk               ; Top       ; Input Pad     ; Unplaced ; Synthesized ;
;     -- clk~input         ; Top       ; Input Buffer  ; Unplaced ; Synthesized ;
;                          ;           ;               ;          ;             ;
; led1                     ; Top       ; Output Port   ; n/a      ;             ;
;     -- led1              ; Top       ; Output Pad    ; Unplaced ; Synthesized ;
;     -- led1~output       ; Top       ; Output Buffer ; Unplaced ; Synthesized ;
;                          ;           ;               ;          ;             ;
; led2                     ; Top       ; Output Port   ; n/a      ;             ;
;     -- led2              ; Top       ; Output Pad    ; Unplaced ; Synthesized ;
;     -- led2~output       ; Top       ; Output Buffer ; Unplaced ; Synthesized ;
;                          ;           ;               ;          ;             ;
; led3                     ; Top       ; Output Port   ; n/a      ;             ;
;     -- led3              ; Top       ; Output Pad    ; Unplaced ; Synthesized ;
;     -- led3~output       ; Top       ; Output Buffer ; Unplaced ; Synthesized ;
;                          ;           ;               ;          ;             ;
; led4                     ; Top       ; Output Port   ; n/a      ;             ;
;     -- led4              ; Top       ; Output Pad    ; Unplaced ; Synthesized ;
;     -- led4~output       ; Top       ; Output Buffer ; Unplaced ; Synthesized ;
;                          ;           ;               ;          ;             ;
; rx_bit_data              ; Top       ; Input Port    ; n/a      ;             ;
;     -- rx_bit_data       ; Top       ; Input Pad     ; Unplaced ; Synthesized ;
;     -- rx_bit_data~input ; Top       ; Input Buffer  ; Unplaced ; Synthesized ;
;                          ;           ;               ;          ;             ;
+--------------------------+-----------+---------------+----------+-------------+


+-------------------------------------------------------------------------------------------------------------------------------------+
; Partition Merge Resource Usage Summary                                                                                              ;
+---------------------------------------------+---------------------------------------------------------------------------------------+
; Resource                                    ; Usage                                                                                 ;
+---------------------------------------------+---------------------------------------------------------------------------------------+
; Estimated Total logic elements              ; 1,628                                                                                 ;
;                                             ;                                                                                       ;
; Total combinational functions               ; 1590                                                                                  ;
; Logic element usage by number of LUT inputs ;                                                                                       ;
;     -- 4 input functions                    ; 675                                                                                   ;
;     -- 3 input functions                    ; 668                                                                                   ;
;     -- <=2 input functions                  ; 247                                                                                   ;
;                                             ;                                                                                       ;
; Logic elements by mode                      ;                                                                                       ;
;     -- normal mode                          ; 842                                                                                   ;
;     -- arithmetic mode                      ; 748                                                                                   ;
;                                             ;                                                                                       ;
; Total registers                             ; 287                                                                                   ;
;     -- Dedicated logic registers            ; 287                                                                                   ;
;     -- I/O registers                        ; 0                                                                                     ;
;                                             ;                                                                                       ;
; I/O pins                                    ; 8                                                                                     ;
; Total memory bits                           ; 2048                                                                                  ;
;                                             ;                                                                                       ;
; Embedded Multiplier 9-bit elements          ; 4                                                                                     ;
;                                             ;                                                                                       ;
; Total PLLs                                  ; 1                                                                                     ;
;     -- PLLs                                 ; 1                                                                                     ;
;                                             ;                                                                                       ;
; Maximum fan-out node                        ; rx_pll:tx_pll_c|altpll:altpll_component|rx_pll_altpll:auto_generated|wire_pll1_clk[0] ;
; Maximum fan-out                             ; 304                                                                                   ;
; Total fan-out                               ; 6221                                                                                  ;
; Average fan-out                             ; 3.25                                                                                  ;
+---------------------------------------------+---------------------------------------------------------------------------------------+


+----------------------------------------------------------------------------------------------------------------------------------------------------------------------------------------------------------------------------------------------------------------------------------------------------------------------------------------------+
; Partition Merge RAM Summary                                                                                                                                                                                                                                                                                                                  ;
+------------------------------------------------------------------------------------------------------------------------------------------------------------------------------------------------------------------------------------------+------+------------------+--------------+--------------+--------------+--------------+------+------+
; Name                                                                                                                                                                                                                                     ; Type ; Mode             ; Port A Depth ; Port A Width ; Port B Depth ; Port B Width ; Size ; MIF  ;
+------------------------------------------------------------------------------------------------------------------------------------------------------------------------------------------------------------------------------------------+------+------------------+--------------+--------------+--------------+--------------+------+------+
; uart_mcu:uart_mcu_c|uart_mcu_rs232_0:rs232_0|altera_up_rs232_in_deserializer:RS232_In_Deserializer|altera_up_sync_fifo:RS232_In_FIFO|scfifo:Sync_FIFO|scfifo_0e31:auto_generated|a_dpfifo_j531:dpfifo|altsyncram_35b1:FIFOram|ALTSYNCRAM ; AUTO ; Simple Dual Port ; 128          ; 8            ; 128          ; 8            ; 1024 ; None ;
; uart_mcu:uart_mcu_c|uart_mcu_rs232_0:rs232_0|altera_up_rs232_out_serializer:RS232_Out_Serializer|altera_up_sync_fifo:RS232_Out_FIFO|scfifo:Sync_FIFO|scfifo_0e31:auto_generated|a_dpfifo_j531:dpfifo|altsyncram_35b1:FIFOram|ALTSYNCRAM  ; AUTO ; Simple Dual Port ; 128          ; 8            ; 128          ; 8            ; 1024 ; None ;
+------------------------------------------------------------------------------------------------------------------------------------------------------------------------------------------------------------------------------------------+------+------------------+--------------+--------------+--------------+--------------+------+------+


+-----------------------------------------------------+
; Partition Merge DSP Block Usage Summary             ;
+---------------------------------------+-------------+
; Statistic                             ; Number Used ;
+---------------------------------------+-------------+
; Simple Multipliers (9-bit)            ; 0           ;
; Simple Multipliers (18-bit)           ; 2           ;
; Embedded Multiplier Blocks            ; --          ;
; Embedded Multiplier 9-bit elements    ; 4           ;
; Signed Embedded Multipliers           ; 0           ;
; Unsigned Embedded Multipliers         ; 2           ;
; Mixed Sign Embedded Multipliers       ; 0           ;
; Variable Sign Embedded Multipliers    ; 0           ;
; Dedicated Input Shift Register Chains ; 0           ;
+---------------------------------------+-------------+
Note: number of Embedded Multiplier Blocks used is only available after a successful fit.


+--------------------------+
; Partition Merge Messages ;
+--------------------------+
Info: *******************************************************************
Info: Running Quartus Prime Partition Merge
    Info: Version 15.1.0 Build 185 10/21/2015 SJ Lite Edition
    Info: Processing started: Thu Jun 14 14:05:54 2018
Info: Command: quartus_cdb --read_settings_files=off --write_settings_files=off BA1533_RX -c BA1533_RX --merge=on
Critical Warning (138067): Current license file does not support incremental compilation. The Quartus Prime software removes all the user-specified design partitions in the design automatically.
Info (35007): Using synthesis netlist for partition "Top"
Info (35002): Resolved and merged 1 partition(s)
Info (16010): Generating hard_block partition "hard_block:auto_generated_inst"
    Info (16011): Adding 1 node(s), including 0 DDIO, 1 PLL, 0 transceiver and 0 LCELL
Critical Warning (138067): Current license file does not support incremental compilation. The Quartus Prime software removes all the user-specified design partitions in the design automatically.
Info (21057): Implemented 1679 device resources after synthesis - the final resource count might be different
    Info (21058): Implemented 3 input pins
    Info (21059): Implemented 5 output pins
    Info (21061): Implemented 1650 logic cells
    Info (21064): Implemented 16 RAM segments
    Info (21065): Implemented 1 PLLs
    Info (21062): Implemented 4 DSP elements
Info: Quartus Prime Partition Merge was successful. 0 errors, 2 warnings
    Info: Peak virtual memory: 4928 megabytes
    Info: Processing ended: Thu Jun 14 14:05:55 2018
    Info: Elapsed time: 00:00:01
    Info: Total CPU time (on all processors): 00:00:01


