PowerPlay Early Power Estimator File Generator report for BA1533_RX
Mon Jun 04 23:03:14 2018
Quartus Prime Version 15.1.0 Build 185 10/21/2015 SJ Lite Edition


---------------------
; Table of Contents ;
---------------------
  1. Legal Notice
  2. PowerPlay Early Power Estimator File Generator Summary
  3. PowerPlay Early Power Estimator File Generator Settings
  4. Indeterminate Toggle Rates
  5. PowerPlay Early Power Estimator File Generator Generated Files
  6. Confidence Metric Details
  7. Signal Activities
  8. PowerPlay Early Power Estimator File Generator Messages



----------------
; Legal Notice ;
----------------
Copyright (C) 1991-2015 Altera Corporation. All rights reserved.
Your use of Altera Corporation's design tools, logic functions 
and other software and tools, and its AMPP partner logic 
functions, and any output files from any of the foregoing 
(including device programming or simulation files), and any 
associated documentation or information are expressly subject 
to the terms and conditions of the Altera Program License 
Subscription Agreement, the Altera Quartus Prime License Agreement,
the Altera MegaCore Function License Agreement, or other 
applicable license agreement, including, without limitation, 
that your use is for the sole purpose of programming logic 
devices manufactured by Altera and sold by Altera or its 
authorized distributors.  Please refer to the applicable 
agreement for further details.



+----------------------------------------------------------------------------------------------------------+
; PowerPlay Early Power Estimator File Generator Summary                                                   ;
+-------------------------------------------------------+--------------------------------------------------+
; PowerPlay Early Power Estimator File Generator Status ; Successful - Mon Jun 04 23:03:14 2018            ;
; Quartus Prime Version                                 ; 15.1.0 Build 185 10/21/2015 SJ Lite Edition      ;
; Revision Name                                         ; BA1533_RX                                        ;
; Top-level Entity Name                                 ; BA1533_RX                                        ;
; Family                                                ; MAX 10                                           ;
; Device                                                ; 10M08SAU169I7G                                   ;
; Power Estimation Confidence                           ; Low: user provided insufficient toggle rate data ;
+-------------------------------------------------------+--------------------------------------------------+


+------------------------------------------------------------------------------------------------------------------------------------+
; PowerPlay Early Power Estimator File Generator Settings                                                                            ;
+----------------------------------------------------------------------------+---------------------------------------+---------------+
; Option                                                                     ; Setting                               ; Default Value ;
+----------------------------------------------------------------------------+---------------------------------------+---------------+
; Use smart compilation                                                      ; Off                                   ; Off           ;
; Enable parallel Assembler and TimeQuest Timing Analyzer during compilation ; On                                    ; On            ;
; Enable compact report table                                                ; Off                                   ; Off           ;
; Default Power Input I/O Toggle Rate                                        ; 12.5%                                 ; 12.5%         ;
; Preset Cooling Solution                                                    ; 23 MM HEAT SINK WITH 200 LFPM AIRFLOW ;               ;
; Board thermal model                                                        ; None (CONSERVATIVE)                   ;               ;
; Default Power Toggle Rate                                                  ; 12.5%                                 ; 12.5%         ;
; Use vectorless estimation                                                  ; On                                    ; On            ;
; Use Input Files                                                            ; Off                                   ; Off           ;
; Filter Glitches in VCD File Reader                                         ; On                                    ; On            ;
; Power Analyzer Report Signal Activity                                      ; Off                                   ; Off           ;
; Power Analyzer Report Power Dissipation                                    ; Off                                   ; Off           ;
; Device Power Characteristics                                               ; TYPICAL                               ; TYPICAL       ;
; Automatically Compute Junction Temperature                                 ; On                                    ; On            ;
; Specified Junction Temperature                                             ; 25                                    ; 25            ;
; Ambient Temperature                                                        ; 25                                    ; 25            ;
; Use Custom Cooling Solution                                                ; Off                                   ; Off           ;
; Board Temperature                                                          ; 25                                    ; 25            ;
+----------------------------------------------------------------------------+---------------------------------------+---------------+


+----------------------------------------+
; Indeterminate Toggle Rates             ;
+----------+-----------------------------+
; Node     ; Reason                      ;
+----------+-----------------------------+
; UART_RXD ; No valid clock domain found ;
+----------+-----------------------------+


+------------------------------------------------------------------------------------------+
; PowerPlay Early Power Estimator File Generator Generated Files                           ;
+----------------------------------------------------------------+-------------------------+
; Description                                                    ; Filename                ;
+----------------------------------------------------------------+-------------------------+
; Design summary for PowerPlay Early Power Estimator spreadsheet ; BA1533_RX_early_pwr.csv ;
+----------------------------------------------------------------+-------------------------+


+--------------------------------------------------------------------------------------------------------------------------------------------------+
; Confidence Metric Details                                                                                                                        ;
+----------------------------------------------------------------------------------------+--------------+-----------+--------------+---------------+
; Data Source                                                                            ; Total        ; Pin       ; Registered   ; Combinational ;
+----------------------------------------------------------------------------------------+--------------+-----------+--------------+---------------+
; Simulation (from file)                                                                 ;              ;           ;              ;               ;
;     -- Number of signals with Toggle Rate from Simulation                              ; 0 (0.0%)     ; 0 (0.0%)  ; 0 (0.0%)     ; 0 (0.0%)      ;
;     -- Number of signals with Static Probability from Simulation                       ; 0 (0.0%)     ; 0 (0.0%)  ; 0 (0.0%)     ; 0 (0.0%)      ;
;                                                                                        ;              ;           ;              ;               ;
; Node, entity or clock assignment                                                       ;              ;           ;              ;               ;
;     -- Number of signals with Toggle Rate from Node, entity or clock assignment        ; 9 (0.7%)     ; 2 (12.5%) ; 0 (0.0%)     ; 7 (0.9%)      ;
;     -- Number of signals with Static Probability from Node, entity or clock assignment ; 9 (0.7%)     ; 2 (12.5%) ; 0 (0.0%)     ; 7 (0.9%)      ;
;                                                                                        ;              ;           ;              ;               ;
; Vectorless estimation                                                                  ;              ;           ;              ;               ;
;     -- Number of signals with Toggle Rate from Vectorless estimation                   ; 1364 (98.8%) ; 6 (37.5%) ; 553 (100.0%) ; 805 (99.1%)   ;
;     -- Number of signals with Zero toggle rate, from Vectorless estimation             ; 136 (9.8%)   ; 3 (18.8%) ; 76 (13.7%)   ; 57 (7.0%)     ;
;     -- Number of signals with Static Probability from Vectorless estimation            ; 1364 (98.8%) ; 6 (37.5%) ; 553 (100.0%) ; 805 (99.1%)   ;
;                                                                                        ;              ;           ;              ;               ;
; Default assignment                                                                     ;              ;           ;              ;               ;
;     -- Number of signals with Toggle Rate from Default assignment                      ; 3 (0.2%)     ; 3 (18.8%) ; 0 (0.0%)     ; 0 (0.0%)      ;
;     -- Number of signals with Static Probability from Default assignment               ; 8 (0.6%)     ; 8 (50.0%) ; 0 (0.0%)     ; 0 (0.0%)      ;
;                                                                                        ;              ;           ;              ;               ;
; Assumed 0                                                                              ;              ;           ;              ;               ;
;     -- Number of signals with Toggle Rate assumed 0                                    ; 5 (0.4%)     ; 5 (31.3%) ; 0 (0.0%)     ; 0 (0.0%)      ;
+----------------------------------------------------------------------------------------+--------------+-----------+--------------+---------------+


+---------------------------------------------------------------------------------------------------------------------------------------------+
; Signal Activities                                                                                                                           ;
+--------+------+---------------------------------------------+-------------------------+--------------------+--------------------------------+
; Signal ; Type ; Toggle Rate (millions of transitions / sec) ; Toggle Rate Data Source ; Static Probability ; Static Probability Data Source ;
+--------+------+---------------------------------------------+-------------------------+--------------------+--------------------------------+
(1) The "Signal Activity" Table has been hidden. To show this table, please select the "Write signal activities to report file" option under "PowerPlay Power Analyzer Settings".


+---------------------------------------------------------+
; PowerPlay Early Power Estimator File Generator Messages ;
+---------------------------------------------------------+
Info: *******************************************************************
Info: Running Quartus Prime PowerPlay Early Power Estimator File Generator
    Info: Version 15.1.0 Build 185 10/21/2015 SJ Lite Edition
    Info: Processing started: Mon Jun 04 23:03:12 2018
Info: Command: quartus_pow --read_settings_files=on --write_settings_files=off BA1533_RX -c BA1533_RX --estimate_power=off --output_epe=BA1533_RX_early_pwr.csv
Info (21077): Low junction temperature is -40 degrees C
Info (21077): High junction temperature is 100 degrees C
Info (332164): Evaluating HDL-embedded SDC commands
    Info (332165): Entity sld_hub
        Info (332166): create_clock -name altera_reserved_tck [get_ports {altera_reserved_tck}] -period 10MHz   
        Info (332166): set_clock_groups -asynchronous -group {altera_reserved_tck}
Info (332104): Reading SDC File: 'BA1533_RX.out.sdc'
Info (332097): The following timing edges are non-unate.  TimeQuest will assume pos-unate behavior for these edges in the clock network.
    Info (332098): Cell: altera_internal_jtag  from: tck  to: tckutap
Info (223000): Starting Vectorless Power Activity Estimation
Warning (222013): Relative toggle rates could not be calculated because no clock domain could be identified for some nodes
Info (223001): Completed Vectorless Power Activity Estimation
Info (218000): Using Advanced I/O Power to simulate I/O buffers with the specified board trace model
Info (214002): Created PowerPlay Early Power Estimation file "BA1533_RX_early_pwr.csv"
Info (215029): No power estimate will be produced.
Info (215049): Average toggle rate for this design is 1.733 millions of transitions / sec
Info: Quartus Prime PowerPlay Early Power Estimator File Generator was successful. 0 errors, 1 warning
    Info: Peak virtual memory: 4985 megabytes
    Info: Processing ended: Mon Jun 04 23:03:14 2018
    Info: Elapsed time: 00:00:02
    Info: Total CPU time (on all processors): 00:00:02


