
ROM used:   13892/16384 (42%)
            13892/16384 (42%) including unused fragments

            4.1 Average locations per line
            20.9 Average locations per statement

RAM used:   270/1536 (18%) at main() level
            455/1536 (30%) worst case

Stack used: 8 worst case (7 in main + 1 for interrupts)
Stack size: 30

Lines Stmts  %   Files
----- ----- ---  -----
  438   118  18  BA1533RX.c
   35     0   0  BA1533RX.h
 1000     0   0  ..\..\..\..\..\..\Program Files (x86)\PICC\devices\18F45K22.h
   28     0   0  ..\..\..\..\..\..\Program Files (x86)\PICC\drivers\ctype.h
  750     0   0  PIC18F45K22_registers.h
  168   105  16  AD5314.c
  147    62   9  ADF4350.c
   72    27   4  BA1533RX_intr.c
  715   354  53  BA1533RX_serial.c
----- -----
 3353   666 Total

Page ROM  %  RAM   Vol Diff  Functions:
---- --- --- ---   --- ----  ----------
0     48   0    1             @delay_ms1
0     32   0    1             @delay_us1
0    592   2    3  3552  3.5  set_AD5314
0     78   0    2   345  5.3  PLL_send_bits
0     90   0    5   373  1.9  PLL_send_word
0     50   0    0             @const1502
0    162   1    7   314  5.3  PLL_initialize
0    406   1   22   518  5.7  PLL_compute_freq_parameters
0     90   0   14             @MUL3232
0    148   1   13             @DIV3232
0    240   1   10   253  2.8  PLL_update
0     40   0    4    52  1.6  PLL_mute
0      6   0    0     5  1.0  TIMER4_isr
0     48   0    0   290  3.2  TIMER2_isr
0      6   0    0     5  1.0  EXT_isr
0      6   0    0     5  1.0  EXT1_isr
0     46   0    3   160  4.0  RDA_isr
0     32   0    0   112  3.0  RDA2_isr
0     44   0    1   144  4.3  COM1_get_chr
0    148   1    6   572  6.8  COM1_send_str
0     16   0    0    74  1.6  COM1_init
0     28   0    1    30  2.3  get_char
0     64   0    1   105  3.8  skip_spc
0     28   0    0    37  2.0  peek_char
0    194   1    7   373  6.3  get_int
0     84   0    6             @MULS1616
0     26   0    2    56  2.2  get_frequency
0    476   2    4   179  1.4  list_help
0    106   0    0             @const1567
0     78   0    0             @const1568
0     76   0    0             @const1569
0     80   0    0             @const1570
0     86   0    0             @const1571
0     52   0    0             @const1572
0     60   0    0             @const1573
0     60   0    0             @const1574
0    596   2   80   591  3.8  send_raw_status
0     54   0    2             @ITOF
0    350   1   14             @DIVFF
0    246   1   11             @MULFF
0     48   0    0             @const1589
0     32   0    1             @SPRINTF
0     40   0    3             @PSTRINGCN_1591
0     68   0    5             @FTOSD
0    426   2   13             @PRINTF_L32D_1591FPFPF
0     12   0    0             @const1600
0    188   1    9             @PRINTF_LU_1591
0   1982   7   84  2943 11.2  send_status
0    632   2   16             @ADDFF
0     74   0    0             @const1618
0      6   0    0             @const1619
0     44   0    3             @DIV88
0    126   0    2             @PRINTF_U_1591
0     32   0    2             @PSTRINGC_1591
0     12   0    0             @const1627
0     12   0    0             @const1628
0     16   0    0             @const1629
0    244   1    9             @PRINTF_LD_1591
0     16   0    0             @const1632
0     18   0    0             @const1633
0     22   0    0             @const1634
0     18   0    0             @const1635
0     16   0    0             @const1636
0     18   0    0             @const1637
0     18   0    0             @const1638
0     16   0    0             @const1639
0     16   0    0             @const1640
0     18   0    0             @const1641
0     46   0    2   136  3.5  set_power_level
0   2408   9   13  5430 10.9  process_dollar_commands
0     36   0    0             @const1652
0     34   0    0             @const1656
0     60   0    4             @SFTOI
0     10   0    0             @const1671
0     36   0    2             @PSTRINGC_38400_31774_31775
0    412   1    8  1028  7.6  dollar_handler
0     38   0    0             @const1676
0     34   0    0             @const1678
0     38   0    0             @const1680
0     44   0    0             @goto11573
0     38   0    1   174  2.2  clear_comm_errors
0     10   0    0    25  1.1  comm_handler
0     38   0    0   202  1.4  init_io_ports
0    112   0    9   110  4.4  write_int_eeprom
0     86   0   11   112  4.9  read_int_eeprom
0     40   0    0    99  3.7  write_setup
0     50   0    0   145  3.9  read_setup
0     28   0    0             @MEMSET
0    208   1    2   873  5.3  power_output
0    104   0    0   434  2.4  init_system
0     58   0    4   114  2.6  update_all
0     36   0    5             @MUL1616
0     44   0    0   143  3.0  check_bit_mode
0    356   1    8   743  4.7  MAIN
0     40   0    0             @const1716
 Inline         0             @cinit1

Program metrics:
    Functions               39
    Statements              666
    Comments                507
    Volume (V)              34515
    Difficulty (D)          145.4
    Effort to implement (E) 5019627
    Time to implement (T)   77 hours, 28 minutes
    Est Delivered Bugs (B)  10
    Cyclomatic Complexity   114
    Maintainability (MI)    57

 Segment     Used  Free
-----------  ----  ----
00000-00002     4  0  
00004-00006     0  4  
00008-000D0   202  0  
000D2-07FFE  13686  18872  



